-------------------------------------------------------------------------------
Test set: com.rehabiapp.api.ApiApplicationTests
-------------------------------------------------------------------------------
Tests run: 1, Failures: 0, Errors: 1, Skipped: 0, Time elapsed: 4.310 s <<< FAILURE! -- in com.rehabiapp.api.ApiApplicationTests
com.rehabiapp.api.ApiApplicationTests.contextLoads -- Time elapsed: 0.007 s <<< ERROR!
java.lang.IllegalStateException: Failed to load ApplicationContext for [WebMergedContextConfiguration@390eca81 testClass = com.rehabiapp.api.ApiApplicationTests, locations = [], classes = [com.rehabiapp.api.ApiApplication], contextInitializerClasses = [], activeProfiles = ["test"], propertySourceDescriptors = [], propertySourceProperties = ["org.springframework.boot.test.context.SpringBootTestContextBootstrapper=true"], contextCustomizers = [org.springframework.boot.web.server.context.SpringBootTestRandomPortContextCustomizer@7bc10d84, org.springframework.boot.test.context.PropertyMappingContextCustomizer@0, org.springframework.boot.test.context.filter.ExcludeFilterContextCustomizer@62fad19, org.springframework.boot.test.json.DuplicateJsonObjectContextCustomizerFactory$DuplicateJsonObjectContextCustomizer@350ec41e, org.springframework.boot.test.autoconfigure.OnFailureConditionReportContextCustomizerFactory$OnFailureConditionReportContextCustomizer@165b2f7f, org.springframework.test.context.support.DynamicPropertiesContextCustomizer@0, org.springframework.boot.test.context.SpringBootTestAnnotation@1102bc4e], resourceBasePath = "src/main/webapp", contextLoader = org.springframework.boot.test.context.SpringBootContextLoader, parent = null]
	at org.springframework.test.context.cache.DefaultCacheAwareContextLoaderDelegate.lambda$loadContext$0(DefaultCacheAwareContextLoaderDelegate.java:195)
	at org.springframework.test.context.cache.DefaultContextCache.put(DefaultContextCache.java:214)
	at org.springframework.test.context.cache.DefaultCacheAwareContextLoaderDelegate.loadContext(DefaultCacheAwareContextLoaderDelegate.java:160)
	at org.springframework.test.context.support.DefaultTestContext.getApplicationContext(DefaultTestContext.java:128)
	at org.springframework.test.context.web.ServletTestExecutionListener.setUpRequestContextIfNecessary(ServletTestExecutionListener.java:200)
	at org.springframework.test.context.web.ServletTestExecutionListener.prepareTestInstance(ServletTestExecutionListener.java:139)
	at org.springframework.test.context.TestContextManager.prepareTestInstance(TestContextManager.java:260)
	at org.springframework.test.context.junit.jupiter.SpringExtension.postProcessTestInstance(SpringExtension.java:210)
	at java.base/java.util.stream.ForEachOps$ForEachOp$OfRef.accept(ForEachOps.java:186)
	at java.base/java.util.stream.ReferencePipeline$3$1.accept(ReferencePipeline.java:215)
	at java.base/java.util.stream.ReferencePipeline$2$1.accept(ReferencePipeline.java:197)
	at java.base/java.util.stream.ReferencePipeline$3$1.accept(ReferencePipeline.java:215)
	at java.base/java.util.ArrayList$ArrayListSpliterator.forEachRemaining(ArrayList.java:1716)
	at java.base/java.util.stream.AbstractPipeline.copyInto(AbstractPipeline.java:570)
	at java.base/java.util.stream.AbstractPipeline.wrapAndCopyInto(AbstractPipeline.java:560)
	at java.base/java.util.stream.ForEachOps$ForEachOp.evaluateSequential(ForEachOps.java:153)
	at java.base/java.util.stream.ForEachOps$ForEachOp$OfRef.evaluateSequential(ForEachOps.java:176)
	at java.base/java.util.stream.AbstractPipeline.evaluate(AbstractPipeline.java:265)
	at java.base/java.util.stream.ReferencePipeline.forEach(ReferencePipeline.java:636)
	at java.base/java.util.Optional.orElseGet(Optional.java:364)
	at java.base/java.util.ArrayList.forEach(ArrayList.java:1604)
	at java.base/java.util.ArrayList.forEach(ArrayList.java:1604)
Caused by: org.springframework.beans.factory.BeanCreationException: Error creating bean with name 'flyway' defined in class path resource [com/rehabiapp/api/infrastructure/config/FlywayConfig.class]: Failed to execute script V11__fix_protesis_boolean.sql
------------------------------------------------------
SQL State  : 42001
Error Code : 42001
Message    : Error de Sintaxis en sentencia SQL "-- V11: Convertir columna protesis de INTEGER a BOOLEAN en tabla paciente.\000a--\000a-- Problema: el schema legacy del desktop creo protesis como INTEGER (0/1).\000a-- La entidad JPA Paciente.java lo mapea como boolean.\000a-- Hibernate falla en UPDATE con ""column protesis is of type integer but\000a-- expression is of type boolean"".\000a--\000a-- La columna puede tener DEFAULT 0 (legacy) que impide el cast directo.\000a-- Solucion: DROP DEFAULT → ALTER TYPE con USING → SET DEFAULT FALSE.\000a-- Idempotente: solo actua si la columna sigue siendo INTEGER.\000a\000a[*]DO $$\000aDECLARE\000a    col_type TEXT;\000aBEGIN\000a    SELECT data_type INTO col_type\000a    FROM information_schema.columns\000a    WHERE table_name = 'paciente' AND column_name = 'protesis';\000a\000a    IF col_type = 'integer' THEN\000a        ALTER TABLE paciente ALTER COLUMN protesis DROP DEFAULT;\000a        ALTER TABLE paciente ALTER COLUMN protesis TYPE BOOLEAN\000a            USING (protesis <> 0);\000a        ALTER TABLE paciente ALTER COLUMN protesis SET DEFAULT FALSE;\000a    END IF;\000aEND $$"; se esperaba "DELETE, DROP"
Syntax error in SQL statement "-- V11: Convertir columna protesis de INTEGER a BOOLEAN en tabla paciente.\000a--\000a-- Problema: el schema legacy del desktop creo protesis como INTEGER (0/1).\000a-- La entidad JPA Paciente.java lo mapea como boolean.\000a-- Hibernate falla en UPDATE con ""column protesis is of type integer but\000a-- expression is of type boolean"".\000a--\000a-- La columna puede tener DEFAULT 0 (legacy) que impide el cast directo.\000a-- Solucion: DROP DEFAULT → ALTER TYPE con USING → SET DEFAULT FALSE.\000a-- Idempotente: solo actua si la columna sigue siendo INTEGER.\000a\000a[*]DO $$\000aDECLARE\000a    col_type TEXT;\000aBEGIN\000a    SELECT data_type INTO col_type\000a    FROM information_schema.columns\000a    WHERE table_name = 'paciente' AND column_name = 'protesis';\000a\000a    IF col_type = 'integer' THEN\000a        ALTER TABLE paciente ALTER COLUMN protesis DROP DEFAULT;\000a        ALTER TABLE paciente ALTER COLUMN protesis TYPE BOOLEAN\000a            USING (protesis <> 0);\000a        ALTER TABLE paciente ALTER COLUMN protesis SET DEFAULT FALSE;\000a    END IF;\000aEND $$"; expected "DELETE, DROP"; SQL statement:
-- V11: Convertir columna protesis de INTEGER a BOOLEAN en tabla paciente.
--
-- Problema: el schema legacy del desktop creo protesis como INTEGER (0/1).
-- La entidad JPA Paciente.java lo mapea como boolean.
-- Hibernate falla en UPDATE con "column protesis is of type integer but
-- expression is of type boolean".
--
-- La columna puede tener DEFAULT 0 (legacy) que impide el cast directo.
-- Solucion: DROP DEFAULT → ALTER TYPE con USING → SET DEFAULT FALSE.
-- Idempotente: solo actua si la columna sigue siendo INTEGER.

DO $$
DECLARE
    col_type TEXT;
BEGIN
    SELECT data_type INTO col_type
    FROM information_schema.columns
    WHERE table_name = 'paciente' AND column_name = 'protesis';

    IF col_type = 'integer' THEN
        ALTER TABLE paciente ALTER COLUMN protesis DROP DEFAULT;
        ALTER TABLE paciente ALTER COLUMN protesis TYPE BOOLEAN
            USING (protesis <> 0);
        ALTER TABLE paciente ALTER COLUMN protesis SET DEFAULT FALSE;
    END IF;
END $$ [42001-240]
Location   : db/migration/V11__fix_protesis_boolean.sql (/home/alaslibres/DAM/RehabiAPP/api/target/classes/db/migration/V11__fix_protesis_boolean.sql)
Line       : 12
Statement  : Run Flyway with -X option to see the actual statement causing the problem

	at org.springframework.beans.factory.support.AbstractAutowireCapableBeanFactory.initializeBean(AbstractAutowireCapableBeanFactory.java:1817)
	at org.springframework.beans.factory.support.AbstractAutowireCapableBeanFactory.doCreateBean(AbstractAutowireCapableBeanFactory.java:603)
	at org.springframework.beans.factory.support.AbstractAutowireCapableBeanFactory.createBean(AbstractAutowireCapableBeanFactory.java:525)
	at org.springframework.beans.factory.support.AbstractBeanFactory.lambda$doGetBean$0(AbstractBeanFactory.java:333)
	at org.springframework.beans.factory.support.DefaultSingletonBeanRegistry.getSingleton(DefaultSingletonBeanRegistry.java:371)
	at org.springframework.beans.factory.support.AbstractBeanFactory.doGetBean(AbstractBeanFactory.java:331)
	at org.springframework.beans.factory.support.AbstractBeanFactory.getBean(AbstractBeanFactory.java:196)
	at org.springframework.beans.factory.support.DefaultListableBeanFactory.instantiateSingleton(DefaultListableBeanFactory.java:1218)
	at org.springframework.beans.factory.support.DefaultListableBeanFactory.preInstantiateSingleton(DefaultListableBeanFactory.java:1184)
	at org.springframework.beans.factory.support.DefaultListableBeanFactory.preInstantiateSingletons(DefaultListableBeanFactory.java:1121)
	at org.springframework.context.support.AbstractApplicationContext.finishBeanFactoryInitialization(AbstractApplicationContext.java:994)
	at org.springframework.context.support.AbstractApplicationContext.refresh(AbstractApplicationContext.java:621)
	at org.springframework.boot.SpringApplication.refresh(SpringApplication.java:756)
	at org.springframework.boot.SpringApplication.refreshContext(SpringApplication.java:445)
	at org.springframework.boot.SpringApplication.run(SpringApplication.java:321)
	at org.springframework.boot.test.context.SpringBootContextLoader.lambda$loadContext$2(SpringBootContextLoader.java:155)
	at org.springframework.util.function.ThrowingSupplier.get(ThrowingSupplier.java:58)
	at org.springframework.util.function.ThrowingSupplier.get(ThrowingSupplier.java:46)
	at org.springframework.boot.SpringApplication.withHook(SpringApplication.java:1465)
	at org.springframework.boot.test.context.SpringBootContextLoader$ContextLoaderHook.run(SpringBootContextLoader.java:600)
	at org.springframework.boot.test.context.SpringBootContextLoader.loadContext(SpringBootContextLoader.java:155)
	at org.springframework.boot.test.context.SpringBootContextLoader.loadContext(SpringBootContextLoader.java:114)
	at org.springframework.test.context.cache.DefaultCacheAwareContextLoaderDelegate.loadContextInternal(DefaultCacheAwareContextLoaderDelegate.java:247)
	at org.springframework.test.context.cache.DefaultCacheAwareContextLoaderDelegate.lambda$loadContext$0(DefaultCacheAwareContextLoaderDelegate.java:167)
	... 21 more
Caused by: org.flywaydb.core.internal.exception.FlywayMigrateException: Failed to execute script V11__fix_protesis_boolean.sql
------------------------------------------------------
SQL State  : 42001
Error Code : 42001
Message    : Error de Sintaxis en sentencia SQL "-- V11: Convertir columna protesis de INTEGER a BOOLEAN en tabla paciente.\000a--\000a-- Problema: el schema legacy del desktop creo protesis como INTEGER (0/1).\000a-- La entidad JPA Paciente.java lo mapea como boolean.\000a-- Hibernate falla en UPDATE con ""column protesis is of type integer but\000a-- expression is of type boolean"".\000a--\000a-- La columna puede tener DEFAULT 0 (legacy) que impide el cast directo.\000a-- Solucion: DROP DEFAULT → ALTER TYPE con USING → SET DEFAULT FALSE.\000a-- Idempotente: solo actua si la columna sigue siendo INTEGER.\000a\000a[*]DO $$\000aDECLARE\000a    col_type TEXT;\000aBEGIN\000a    SELECT data_type INTO col_type\000a    FROM information_schema.columns\000a    WHERE table_name = 'paciente' AND column_name = 'protesis';\000a\000a    IF col_type = 'integer' THEN\000a        ALTER TABLE paciente ALTER COLUMN protesis DROP DEFAULT;\000a        ALTER TABLE paciente ALTER COLUMN protesis TYPE BOOLEAN\000a            USING (protesis <> 0);\000a        ALTER TABLE paciente ALTER COLUMN protesis SET DEFAULT FALSE;\000a    END IF;\000aEND $$"; se esperaba "DELETE, DROP"
Syntax error in SQL statement "-- V11: Convertir columna protesis de INTEGER a BOOLEAN en tabla paciente.\000a--\000a-- Problema: el schema legacy del desktop creo protesis como INTEGER (0/1).\000a-- La entidad JPA Paciente.java lo mapea como boolean.\000a-- Hibernate falla en UPDATE con ""column protesis is of type integer but\000a-- expression is of type boolean"".\000a--\000a-- La columna puede tener DEFAULT 0 (legacy) que impide el cast directo.\000a-- Solucion: DROP DEFAULT → ALTER TYPE con USING → SET DEFAULT FALSE.\000a-- Idempotente: solo actua si la columna sigue siendo INTEGER.\000a\000a[*]DO $$\000aDECLARE\000a    col_type TEXT;\000aBEGIN\000a    SELECT data_type INTO col_type\000a    FROM information_schema.columns\000a    WHERE table_name = 'paciente' AND column_name = 'protesis';\000a\000a    IF col_type = 'integer' THEN\000a        ALTER TABLE paciente ALTER COLUMN protesis DROP DEFAULT;\000a        ALTER TABLE paciente ALTER COLUMN protesis TYPE BOOLEAN\000a            USING (protesis <> 0);\000a        ALTER TABLE paciente ALTER COLUMN protesis SET DEFAULT FALSE;\000a    END IF;\000aEND $$"; expected "DELETE, DROP"; SQL statement:
-- V11: Convertir columna protesis de INTEGER a BOOLEAN en tabla paciente.
--
-- Problema: el schema legacy del desktop creo protesis como INTEGER (0/1).
-- La entidad JPA Paciente.java lo mapea como boolean.
-- Hibernate falla en UPDATE con "column protesis is of type integer but
-- expression is of type boolean".
--
-- La columna puede tener DEFAULT 0 (legacy) que impide el cast directo.
-- Solucion: DROP DEFAULT → ALTER TYPE con USING → SET DEFAULT FALSE.
-- Idempotente: solo actua si la columna sigue siendo INTEGER.

DO $$
DECLARE
    col_type TEXT;
BEGIN
    SELECT data_type INTO col_type
    FROM information_schema.columns
    WHERE table_name = 'paciente' AND column_name = 'protesis';

    IF col_type = 'integer' THEN
        ALTER TABLE paciente ALTER COLUMN protesis DROP DEFAULT;
        ALTER TABLE paciente ALTER COLUMN protesis TYPE BOOLEAN
            USING (protesis <> 0);
        ALTER TABLE paciente ALTER COLUMN protesis SET DEFAULT FALSE;
    END IF;
END $$ [42001-240]
Location   : db/migration/V11__fix_protesis_boolean.sql (/home/alaslibres/DAM/RehabiAPP/api/target/classes/db/migration/V11__fix_protesis_boolean.sql)
Line       : 12
Statement  : Run Flyway with -X option to see the actual statement causing the problem

	at org.flywaydb.core.internal.command.DbMigrate.doMigrateGroup(DbMigrate.java:399)
	at org.flywaydb.core.internal.command.DbMigrate.lambda$applyMigrations$1(DbMigrate.java:283)
	at org.flywaydb.core.internal.jdbc.TransactionalExecutionTemplate.execute(TransactionalExecutionTemplate.java:59)
	at org.flywaydb.core.internal.command.DbMigrate.applyMigrations(DbMigrate.java:282)
	at org.flywaydb.core.internal.command.DbMigrate.migrateGroup(DbMigrate.java:255)
	at org.flywaydb.core.internal.command.DbMigrate.lambda$migrateAll$0(DbMigrate.java:153)
	at org.flywaydb.core.internal.jdbc.TableLockingExecutionTemplate$1.call(TableLockingExecutionTemplate.java:40)
	at org.flywaydb.core.internal.jdbc.TransactionalExecutionTemplate.execute(TransactionalExecutionTemplate.java:59)
	at org.flywaydb.core.internal.jdbc.TableLockingExecutionTemplate.execute(TableLockingExecutionTemplate.java:35)
	at org.flywaydb.core.internal.database.base.Connection.lock(Connection.java:106)
	at org.flywaydb.core.internal.schemahistory.JdbcTableSchemaHistory.lock(JdbcTableSchemaHistory.java:164)
	at org.flywaydb.core.internal.command.DbMigrate.migrateAll(DbMigrate.java:153)
	at org.flywaydb.core.internal.command.DbMigrate.migrate(DbMigrate.java:104)
	at org.flywaydb.core.Flyway.lambda$migrate$3(Flyway.java:245)
	at org.flywaydb.core.FlywayExecutor.execute(FlywayExecutor.java:240)
	at org.flywaydb.core.Flyway.migrate(Flyway.java:186)
	at java.base/java.lang.reflect.Method.invoke(Method.java:565)
	at org.springframework.beans.factory.support.AbstractAutowireCapableBeanFactory.invokeCustomInitMethod(AbstractAutowireCapableBeanFactory.java:1921)
	at org.springframework.beans.factory.support.AbstractAutowireCapableBeanFactory.invokeInitMethods(AbstractAutowireCapableBeanFactory.java:1874)
	at org.springframework.beans.factory.support.AbstractAutowireCapableBeanFactory.initializeBean(AbstractAutowireCapableBeanFactory.java:1813)
	... 44 more
Caused by: org.flywaydb.core.internal.sqlscript.FlywaySqlScriptException: Failed to execute script V11__fix_protesis_boolean.sql
------------------------------------------------------
SQL State  : 42001
Error Code : 42001
Message    : Error de Sintaxis en sentencia SQL "-- V11: Convertir columna protesis de INTEGER a BOOLEAN en tabla paciente.\000a--\000a-- Problema: el schema legacy del desktop creo protesis como INTEGER (0/1).\000a-- La entidad JPA Paciente.java lo mapea como boolean.\000a-- Hibernate falla en UPDATE con ""column protesis is of type integer but\000a-- expression is of type boolean"".\000a--\000a-- La columna puede tener DEFAULT 0 (legacy) que impide el cast directo.\000a-- Solucion: DROP DEFAULT → ALTER TYPE con USING → SET DEFAULT FALSE.\000a-- Idempotente: solo actua si la columna sigue siendo INTEGER.\000a\000a[*]DO $$\000aDECLARE\000a    col_type TEXT;\000aBEGIN\000a    SELECT data_type INTO col_type\000a    FROM information_schema.columns\000a    WHERE table_name = 'paciente' AND column_name = 'protesis';\000a\000a    IF col_type = 'integer' THEN\000a        ALTER TABLE paciente ALTER COLUMN protesis DROP DEFAULT;\000a        ALTER TABLE paciente ALTER COLUMN protesis TYPE BOOLEAN\000a            USING (protesis <> 0);\000a        ALTER TABLE paciente ALTER COLUMN protesis SET DEFAULT FALSE;\000a    END IF;\000aEND $$"; se esperaba "DELETE, DROP"
Syntax error in SQL statement "-- V11: Convertir columna protesis de INTEGER a BOOLEAN en tabla paciente.\000a--\000a-- Problema: el schema legacy del desktop creo protesis como INTEGER (0/1).\000a-- La entidad JPA Paciente.java lo mapea como boolean.\000a-- Hibernate falla en UPDATE con ""column protesis is of type integer but\000a-- expression is of type boolean"".\000a--\000a-- La columna puede tener DEFAULT 0 (legacy) que impide el cast directo.\000a-- Solucion: DROP DEFAULT → ALTER TYPE con USING → SET DEFAULT FALSE.\000a-- Idempotente: solo actua si la columna sigue siendo INTEGER.\000a\000a[*]DO $$\000aDECLARE\000a    col_type TEXT;\000aBEGIN\000a    SELECT data_type INTO col_type\000a    FROM information_schema.columns\000a    WHERE table_name = 'paciente' AND column_name = 'protesis';\000a\000a    IF col_type = 'integer' THEN\000a        ALTER TABLE paciente ALTER COLUMN protesis DROP DEFAULT;\000a        ALTER TABLE paciente ALTER COLUMN protesis TYPE BOOLEAN\000a            USING (protesis <> 0);\000a        ALTER TABLE paciente ALTER COLUMN protesis SET DEFAULT FALSE;\000a    END IF;\000aEND $$"; expected "DELETE, DROP"; SQL statement:
-- V11: Convertir columna protesis de INTEGER a BOOLEAN en tabla paciente.
--
-- Problema: el schema legacy del desktop creo protesis como INTEGER (0/1).
-- La entidad JPA Paciente.java lo mapea como boolean.
-- Hibernate falla en UPDATE con "column protesis is of type integer but
-- expression is of type boolean".
--
-- La columna puede tener DEFAULT 0 (legacy) que impide el cast directo.
-- Solucion: DROP DEFAULT → ALTER TYPE con USING → SET DEFAULT FALSE.
-- Idempotente: solo actua si la columna sigue siendo INTEGER.

DO $$
DECLARE
    col_type TEXT;
BEGIN
    SELECT data_type INTO col_type
    FROM information_schema.columns
    WHERE table_name = 'paciente' AND column_name = 'protesis';

    IF col_type = 'integer' THEN
        ALTER TABLE paciente ALTER COLUMN protesis DROP DEFAULT;
        ALTER TABLE paciente ALTER COLUMN protesis TYPE BOOLEAN
            USING (protesis <> 0);
        ALTER TABLE paciente ALTER COLUMN protesis SET DEFAULT FALSE;
    END IF;
END $$ [42001-240]
Location   : db/migration/V11__fix_protesis_boolean.sql (/home/alaslibres/DAM/RehabiAPP/api/target/classes/db/migration/V11__fix_protesis_boolean.sql)
Line       : 12
Statement  : Run Flyway with -X option to see the actual statement causing the problem

	at org.flywaydb.core.internal.sqlscript.DefaultSqlScriptExecutor.handleException(DefaultSqlScriptExecutor.java:255)
	at org.flywaydb.core.internal.sqlscript.DefaultSqlScriptExecutor.executeStatement(DefaultSqlScriptExecutor.java:216)
	at org.flywaydb.core.internal.sqlscript.DefaultSqlScriptExecutor.execute(DefaultSqlScriptExecutor.java:136)
	at org.flywaydb.core.internal.resolver.sql.SqlMigrationExecutor.executeOnce(SqlMigrationExecutor.java:75)
	at org.flywaydb.core.internal.resolver.sql.SqlMigrationExecutor.lambda$execute$0(SqlMigrationExecutor.java:66)
	at org.flywaydb.core.internal.database.DefaultExecutionStrategy.execute(DefaultExecutionStrategy.java:31)
	at org.flywaydb.core.internal.resolver.sql.SqlMigrationExecutor.execute(SqlMigrationExecutor.java:65)
	at org.flywaydb.core.internal.command.DbMigrate.doMigrateGroup(DbMigrate.java:391)
	... 63 more
Caused by: org.h2.jdbc.JdbcSQLSyntaxErrorException: Error de Sintaxis en sentencia SQL "-- V11: Convertir columna protesis de INTEGER a BOOLEAN en tabla paciente.\000a--\000a-- Problema: el schema legacy del desktop creo protesis como INTEGER (0/1).\000a-- La entidad JPA Paciente.java lo mapea como boolean.\000a-- Hibernate falla en UPDATE con ""column protesis is of type integer but\000a-- expression is of type boolean"".\000a--\000a-- La columna puede tener DEFAULT 0 (legacy) que impide el cast directo.\000a-- Solucion: DROP DEFAULT → ALTER TYPE con USING → SET DEFAULT FALSE.\000a-- Idempotente: solo actua si la columna sigue siendo INTEGER.\000a\000a[*]DO $$\000aDECLARE\000a    col_type TEXT;\000aBEGIN\000a    SELECT data_type INTO col_type\000a    FROM information_schema.columns\000a    WHERE table_name = 'paciente' AND column_name = 'protesis';\000a\000a    IF col_type = 'integer' THEN\000a        ALTER TABLE paciente ALTER COLUMN protesis DROP DEFAULT;\000a        ALTER TABLE paciente ALTER COLUMN protesis TYPE BOOLEAN\000a            USING (protesis <> 0);\000a        ALTER TABLE paciente ALTER COLUMN protesis SET DEFAULT FALSE;\000a    END IF;\000aEND $$"; se esperaba "DELETE, DROP"
Syntax error in SQL statement "-- V11: Convertir columna protesis de INTEGER a BOOLEAN en tabla paciente.\000a--\000a-- Problema: el schema legacy del desktop creo protesis como INTEGER (0/1).\000a-- La entidad JPA Paciente.java lo mapea como boolean.\000a-- Hibernate falla en UPDATE con ""column protesis is of type integer but\000a-- expression is of type boolean"".\000a--\000a-- La columna puede tener DEFAULT 0 (legacy) que impide el cast directo.\000a-- Solucion: DROP DEFAULT → ALTER TYPE con USING → SET DEFAULT FALSE.\000a-- Idempotente: solo actua si la columna sigue siendo INTEGER.\000a\000a[*]DO $$\000aDECLARE\000a    col_type TEXT;\000aBEGIN\000a    SELECT data_type INTO col_type\000a    FROM information_schema.columns\000a    WHERE table_name = 'paciente' AND column_name = 'protesis';\000a\000a    IF col_type = 'integer' THEN\000a        ALTER TABLE paciente ALTER COLUMN protesis DROP DEFAULT;\000a        ALTER TABLE paciente ALTER COLUMN protesis TYPE BOOLEAN\000a            USING (protesis <> 0);\000a        ALTER TABLE paciente ALTER COLUMN protesis SET DEFAULT FALSE;\000a    END IF;\000aEND $$"; expected "DELETE, DROP"; SQL statement:
-- V11: Convertir columna protesis de INTEGER a BOOLEAN en tabla paciente.
--
-- Problema: el schema legacy del desktop creo protesis como INTEGER (0/1).
-- La entidad JPA Paciente.java lo mapea como boolean.
-- Hibernate falla en UPDATE con "column protesis is of type integer but
-- expression is of type boolean".
--
-- La columna puede tener DEFAULT 0 (legacy) que impide el cast directo.
-- Solucion: DROP DEFAULT → ALTER TYPE con USING → SET DEFAULT FALSE.
-- Idempotente: solo actua si la columna sigue siendo INTEGER.

DO $$
DECLARE
    col_type TEXT;
BEGIN
    SELECT data_type INTO col_type
    FROM information_schema.columns
    WHERE table_name = 'paciente' AND column_name = 'protesis';

    IF col_type = 'integer' THEN
        ALTER TABLE paciente ALTER COLUMN protesis DROP DEFAULT;
        ALTER TABLE paciente ALTER COLUMN protesis TYPE BOOLEAN
            USING (protesis <> 0);
        ALTER TABLE paciente ALTER COLUMN protesis SET DEFAULT FALSE;
    END IF;
END $$ [42001-240]
	at org.h2.message.DbException.getJdbcSQLException(DbException.java:514)
	at org.h2.message.DbException.getJdbcSQLException(DbException.java:489)
	at org.h2.message.DbException.getSyntaxError(DbException.java:261)
	at org.h2.command.ParserBase.getSyntaxError(ParserBase.java:762)
	at org.h2.command.Parser.parsePrepared(Parser.java:755)
	at org.h2.command.Parser.parse(Parser.java:584)
	at org.h2.command.Parser.parse(Parser.java:564)
	at org.h2.command.Parser.prepareCommand(Parser.java:487)
	at org.h2.engine.SessionLocal.prepareLocal(SessionLocal.java:647)
	at org.h2.engine.SessionLocal.prepareCommand(SessionLocal.java:563)
	at org.h2.jdbc.JdbcConnection.prepareCommand(JdbcConnection.java:1160)
	at org.h2.jdbc.JdbcStatement.executeInternal(JdbcStatement.java:245)
	at org.h2.jdbc.JdbcStatement.execute(JdbcStatement.java:231)
	at com.zaxxer.hikari.pool.ProxyStatement.execute(ProxyStatement.java:95)
	at com.zaxxer.hikari.pool.HikariProxyStatement.execute(HikariProxyStatement.java)
	at org.flywaydb.core.internal.jdbc.JdbcTemplate.executeStatement(JdbcTemplate.java:215)
	at org.flywaydb.core.internal.sqlscript.ParsedSqlStatement.execute(ParsedSqlStatement.java:88)
	at org.flywaydb.core.internal.sqlscript.DefaultSqlScriptExecutor.executeStatement(DefaultSqlScriptExecutor.java:211)
	... 69 more

