<?xml version="1.0" encoding="UTF-8"?>
<testsuite xmlns:xsi="http://www.w3.org/2001/XMLSchema-instance" xsi:noNamespaceSchemaLocation="https://maven.apache.org/surefire/maven-surefire-plugin/xsd/surefire-test-report.xsd" version="3.0.2" name="com.rehabiapp.api.ApiApplicationTests" time="4.31" tests="1" errors="1" skipped="0" failures="0" flakes="0">
  <properties>
[...]
</properties>
  <testcase name="contextLoads" classname="com.rehabiapp.api.ApiApplicationTests" time="0.007">
    <error message="Failed to load ApplicationContext for [WebMergedContextConfiguration@390eca81 testClass = com.rehabiapp.api.ApiApplicationTests, locations = [], classes = [com.rehabiapp.api.ApiApplication], contextInitializerClasses = [], activeProfiles = [&quot;test&quot;], propertySourceDescriptors = [], propertySourceProperties = [&quot;org.springframework.boot.test.context.SpringBootTestContextBootstrapper=true&quot;], contextCustomizers = [org.springframework.boot.web.server.context.SpringBootTestRandomPortContextCustomizer@7bc10d84, org.springframework.boot.test.context.PropertyMappingContextCustomizer@0, org.springframework.boot.test.context.filter.ExcludeFilterContextCustomizer@62fad19, org.springframework.boot.test.json.DuplicateJsonObjectContextCustomizerFactory$DuplicateJsonObjectContextCustomizer@350ec41e, org.springframework.boot.test.autoconfigure.OnFailureConditionReportContextCustomizerFactory$OnFailureConditionReportContextCustomizer@165b2f7f, org.springframework.test.context.support.DynamicPropertiesContextCustomizer@0, org.springframework.boot.test.context.SpringBootTestAnnotation@1102bc4e], resourceBasePath = &quot;src/main/webapp&quot;, contextLoader = org.springframework.boot.test.context.SpringBootContextLoader, parent = null]" type="java.lang.IllegalStateException"><![CDATA[java.lang.IllegalStateException: Failed to load ApplicationContext for [WebMergedContextConfiguration@390eca81 testClass = com.rehabiapp.api.ApiApplicationTests, locations = [], classes = [com.rehabiapp.api.ApiApplication], contextInitializerClasses = [], activeProfiles = ["test"], propertySourceDescriptors = [], propertySourceProperties = ["org.springframework.boot.test.context.SpringBootTestContextBootstrapper=true"], contextCustomizers = [org.springframework.boot.web.server.context.SpringBootTestRandomPortContextCustomizer@7bc10d84, org.springframework.boot.test.context.PropertyMappingContextCustomizer@0, org.springframework.boot.test.context.filter.ExcludeFilterContextCustomizer@62fad19, org.springframework.boot.test.json.DuplicateJsonObjectContextCustomizerFactory$DuplicateJsonObjectContextCustomizer@350ec41e, org.springframework.boot.test.autoconfigure.OnFailureConditionReportContextCustomizerFactory$OnFailureConditionReportContextCustomizer@165b2f7f, org.springframework.test.context.support.DynamicPropertiesContextCustomizer@0, org.springframework.boot.test.context.SpringBootTestAnnotation@1102bc4e], resourceBasePath = "src/main/webapp", contextLoader = org.springframework.boot.test.context.SpringBootContextLoader, parent = null]
	at org.springframework.test.context.cache.DefaultCacheAwareContextLoaderDelegate.lambda$loadContext$0(DefaultCacheAwareContextLoaderDelegate.java:195)
	at org.springframework.test.context.cache.DefaultContextCache.put(DefaultContextCache.java:214)
	at org.springframework.test.context.cache.DefaultCacheAwareContextLoaderDelegate.loadContext(DefaultCacheAwareContextLoaderDelegate.java:160)
	at org.springframework.test.context.support.DefaultTestContext.getApplicationContext(DefaultTestContext.java:128)
	at org.springframework.test.context.web.ServletTestExecutionListener.setUpRequestContextIfNecessary(ServletTestExecutionListener.java:200)
	at org.springframework.test.context.web.ServletTestExecutionListener.prepareTestInstance(ServletTestExecutionListener.java:139)
	at org.springframework.test.context.TestContextManager.prepareTestInstance(TestContextManager.java:260)
	at org.springframework.test.context.junit.jupiter.SpringExtension.postProcessTestInstance(SpringExtension.java:210)
	at java.base/java.util.stream.ForEachOps$ForEachOp$OfRef.accept(ForEachOps.java:186)
	at java.base/java.util.stream.ReferencePipeline$3$1.accept(ReferencePipeline.java:215)
	at java.base/java.util.stream.ReferencePipeline$2$1.accept(ReferencePipeline.java:197)
	at java.base/java.util.stream.ReferencePipeline$3$1.accept(ReferencePipeline.java:215)
	at java.base/java.util.ArrayList$ArrayListSpliterator.forEachRemaining(ArrayList.java:1716)
	at java.base/java.util.stream.AbstractPipeline.copyInto(AbstractPipeline.java:570)
	at java.base/java.util.stream.AbstractPipeline.wrapAndCopyInto(AbstractPipeline.java:560)
	at java.base/java.util.stream.ForEachOps$ForEachOp.evaluateSequential(ForEachOps.java:153)
	at java.base/java.util.stream.ForEachOps$ForEachOp$OfRef.evaluateSequential(ForEachOps.java:176)
	at java.base/java.util.stream.AbstractPipeline.evaluate(AbstractPipeline.java:265)
	at java.base/java.util.stream.ReferencePipeline.forEach(ReferencePipeline.java:636)
	at java.base/java.util.Optional.orElseGet(Optional.java:364)
	at java.base/java.util.ArrayList.forEach(ArrayList.java:1604)
	at java.base/java.util.ArrayList.forEach(ArrayList.java:1604)
Caused by: org.springframework.beans.factory.BeanCreationException: Error creating bean with name 'flyway' defined in class path resource [com/rehabiapp/api/infrastructure/config/FlywayConfig.class]: Failed to execute script V11__fix_protesis_boolean.sql
------------------------------------------------------
SQL State  : 42001
Error Code : 42001
Message    : Error de Sintaxis en sentencia SQL "-- V11: Convertir columna protesis de INTEGER a BOOLEAN en tabla paciente.\000a--\000a-- Problema: el schema legacy del desktop creo protesis como INTEGER (0/1).\000a-- La entidad JPA Paciente.java lo mapea como boolean.\000a-- Hibernate falla en UPDATE con ""column protesis is of type integer but\000a-- expression is of type boolean"".\000a--\000a-- La columna puede tener DEFAULT 0 (legacy) que impide el cast directo.\000a-- Solucion: DROP DEFAULT → ALTER TYPE con USING → SET DEFAULT FALSE.\000a-- Idempotente: solo actua si la columna sigue siendo INTEGER.\000a\000a[*]DO $$\000aDECLARE\000a    col_type TEXT;\000aBEGIN\000a    SELECT data_type INTO col_type\000a    FROM information_schema.columns\000a    WHERE table_name = 'paciente' AND column_name = 'protesis';\000a\000a    IF col_type = 'integer' THEN\000a        ALTER TABLE paciente ALTER COLUMN protesis DROP DEFAULT;\000a        ALTER TABLE paciente ALTER COLUMN protesis TYPE BOOLEAN\000a            USING (protesis <> 0);\000a        ALTER TABLE paciente ALTER COLUMN protesis SET DEFAULT FALSE;\000a    END IF;\000aEND $$"; se esperaba "DELETE, DROP"
Syntax error in SQL statement "-- V11: Convertir columna protesis de INTEGER a BOOLEAN en tabla paciente.\000a--\000a-- Problema: el schema legacy del desktop creo protesis como INTEGER (0/1).\000a-- La entidad JPA Paciente.java lo mapea como boolean.\000a-- Hibernate falla en UPDATE con ""column protesis is of type integer but\000a-- expression is of type boolean"".\000a--\000a-- La columna puede tener DEFAULT 0 (legacy) que impide el cast directo.\000a-- Solucion: DROP DEFAULT → ALTER TYPE con USING → SET DEFAULT FALSE.\000a-- Idempotente: solo actua si la columna sigue siendo INTEGER.\000a\000a[*]DO $$\000aDECLARE\000a    col_type TEXT;\000aBEGIN\000a    SELECT data_type INTO col_type\000a    FROM information_schema.columns\000a    WHERE table_name = 'paciente' AND column_name = 'protesis';\000a\000a    IF col_type = 'integer' THEN\000a        ALTER TABLE paciente ALTER COLUMN protesis DROP DEFAULT;\000a        ALTER TABLE paciente ALTER COLUMN protesis TYPE BOOLEAN\000a            USING (protesis <> 0);\000a        ALTER TABLE paciente ALTER COLUMN protesis SET DEFAULT FALSE;\000a    END IF;\000aEND $$"; expected "DELETE, DROP"; SQL statement:
-- V11: Convertir columna protesis de INTEGER a BOOLEAN en tabla paciente.
--
-- Problema: el schema legacy del desktop creo protesis como INTEGER (0/1).
-- La entidad JPA Paciente.java lo mapea como boolean.
-- Hibernate falla en UPDATE con "column protesis is of type integer but
-- expression is of type boolean".
--
-- La columna puede tener DEFAULT 0 (legacy) que impide el cast directo.
-- Solucion: DROP DEFAULT → ALTER TYPE con USING → SET DEFAULT FALSE.
-- Idempotente: solo actua si la columna sigue siendo INTEGER.

DO $$
DECLARE
    col_type TEXT;
BEGIN
    SELECT data_type INTO col_type
    FROM information_schema.columns
    WHERE table_name = 'paciente' AND column_name = 'protesis';

    IF col_type = 'integer' THEN
        ALTER TABLE paciente ALTER COLUMN protesis DROP DEFAULT;
        ALTER TABLE paciente ALTER COLUMN protesis TYPE BOOLEAN
            USING (protesis <> 0);
        ALTER TABLE paciente ALTER COLUMN protesis SET DEFAULT FALSE;
    END IF;
END $$ [42001-240]
Location   : db/migration/V11__fix_protesis_boolean.sql (/home/alaslibres/DAM/RehabiAPP/api/target/classes/db/migration/V11__fix_protesis_boolean.sql)
Line       : 12
Statement  : Run Flyway with -X option to see the actual statement causing the problem

	at org.springframework.beans.factory.support.AbstractAutowireCapableBeanFactory.initializeBean(AbstractAutowireCapableBeanFactory.java:1817)
	at org.springframework.beans.factory.support.AbstractAutowireCapableBeanFactory.doCreateBean(AbstractAutowireCapableBeanFactory.java:603)
	at org.springframework.beans.factory.support.AbstractAutowireCapableBeanFactory.createBean(AbstractAutowireCapableBeanFactory.java:525)
	at org.springframework.beans.factory.support.AbstractBeanFactory.lambda$doGetBean$0(AbstractBeanFactory.java:333)
	at org.springframework.beans.factory.support.DefaultSingletonBeanRegistry.getSingleton(DefaultSingletonBeanRegistry.java:371)
	at org.springframework.beans.factory.support.AbstractBeanFactory.doGetBean(AbstractBeanFactory.java:331)
	at org.springframework.beans.factory.support.AbstractBeanFactory.getBean(AbstractBeanFactory.java:196)
	at org.springframework.beans.factory.support.DefaultListableBeanFactory.instantiateSingleton(DefaultListableBeanFactory.java:1218)
	at org.springframework.beans.factory.support.DefaultListableBeanFactory.preInstantiateSingleton(DefaultListableBeanFactory.java:1184)
	at org.springframework.beans.factory.support.DefaultListableBeanFactory.preInstantiateSingletons(DefaultListableBeanFactory.java:1121)
	at org.springframework.context.support.AbstractApplicationContext.finishBeanFactoryInitialization(AbstractApplicationContext.java:994)
	at org.springframework.context.support.AbstractApplicationContext.refresh(AbstractApplicationContext.java:621)
	at org.springframework.boot.SpringApplication.refresh(SpringApplication.java:756)
	at org.springframework.boot.SpringApplication.refreshContext(SpringApplication.java:445)
	at org.springframework.boot.SpringApplication.run(SpringApplication.java:321)
	at org.springframework.boot.test.context.SpringBootContextLoader.lambda$loadContext$2(SpringBootContextLoader.java:155)
	at org.springframework.util.function.ThrowingSupplier.get(ThrowingSupplier.java:58)
	at org.springframework.util.function.ThrowingSupplier.get(ThrowingSupplier.java:46)
	at org.springframework.boot.SpringApplication.withHook(SpringApplication.java:1465)
	at org.springframework.boot.test.context.SpringBootContextLoader$ContextLoaderHook.run(SpringBootContextLoader.java:600)
	at org.springframework.boot.test.context.SpringBootContextLoader.loadContext(SpringBootContextLoader.java:155)
	at org.springframework.boot.test.context.SpringBootContextLoader.loadContext(SpringBootContextLoader.java:114)
	at org.springframework.test.context.cache.DefaultCacheAwareContextLoaderDelegate.loadContextInternal(DefaultCacheAwareContextLoaderDelegate.java:247)
	at org.springframework.test.context.cache.DefaultCacheAwareContextLoaderDelegate.lambda$loadContext$0(DefaultCacheAwareContextLoaderDelegate.java:167)
	... 21 more
Caused by: org.flywaydb.core.internal.exception.FlywayMigrateException: Failed to execute script V11__fix_protesis_boolean.sql
------------------------------------------------------
SQL State  : 42001
Error Code : 42001
Message    : Error de Sintaxis en sentencia SQL "-- V11: Convertir columna protesis de INTEGER a BOOLEAN en tabla paciente.\000a--\000a-- Problema: el schema legacy del desktop creo protesis como INTEGER (0/1).\000a-- La entidad JPA Paciente.java lo mapea como boolean.\000a-- Hibernate falla en UPDATE con ""column protesis is of type integer but\000a-- expression is of type boolean"".\000a--\000a-- La columna puede tener DEFAULT 0 (legacy) que impide el cast directo.\000a-- Solucion: DROP DEFAULT → ALTER TYPE con USING → SET DEFAULT FALSE.\000a-- Idempotente: solo actua si la columna sigue siendo INTEGER.\000a\000a[*]DO $$\000aDECLARE\000a    col_type TEXT;\000aBEGIN\000a    SELECT data_type INTO col_type\000a    FROM information_schema.columns\000a    WHERE table_name = 'paciente' AND column_name = 'protesis';\000a\000a    IF col_type = 'integer' THEN\000a        ALTER TABLE paciente ALTER COLUMN protesis DROP DEFAULT;\000a        ALTER TABLE paciente ALTER COLUMN protesis TYPE BOOLEAN\000a            USING (protesis <> 0);\000a        ALTER TABLE paciente ALTER COLUMN protesis SET DEFAULT FALSE;\000a    END IF;\000aEND $$"; se esperaba "DELETE, DROP"
Syntax error in SQL statement "-- V11: Convertir columna protesis de INTEGER a BOOLEAN en tabla paciente.\000a--\000a-- Problema: el schema legacy del desktop creo protesis como INTEGER (0/1).\000a-- La entidad JPA Paciente.java lo mapea como boolean.\000a-- Hibernate falla en UPDATE con ""column protesis is of type integer but\000a-- expression is of type boolean"".\000a--\000a-- La columna puede tener DEFAULT 0 (legacy) que impide el cast directo.\000a-- Solucion: DROP DEFAULT → ALTER TYPE con USING → SET DEFAULT FALSE.\000a-- Idempotente: solo actua si la columna sigue siendo INTEGER.\000a\000a[*]DO $$\000aDECLARE\000a    col_type TEXT;\000aBEGIN\000a    SELECT data_type INTO col_type\000a    FROM information_schema.columns\000a    WHERE table_name = 'paciente' AND column_name = 'protesis';\000a\000a    IF col_type = 'integer' THEN\000a        ALTER TABLE paciente ALTER COLUMN protesis DROP DEFAULT;\000a        ALTER TABLE paciente ALTER COLUMN protesis TYPE BOOLEAN\000a            USING (protesis <> 0);\000a        ALTER TABLE paciente ALTER COLUMN protesis SET DEFAULT FALSE;\000a    END IF;\000aEND $$"; expected "DELETE, DROP"; SQL statement:
-- V11: Convertir columna protesis de INTEGER a BOOLEAN en tabla paciente.
--
-- Problema: el schema legacy del desktop creo protesis como INTEGER (0/1).
-- La entidad JPA Paciente.java lo mapea como boolean.
-- Hibernate falla en UPDATE con "column protesis is of type integer but
-- expression is of type boolean".
--
-- La columna puede tener DEFAULT 0 (legacy) que impide el cast directo.
-- Solucion: DROP DEFAULT → ALTER TYPE con USING → SET DEFAULT FALSE.
-- Idempotente: solo actua si la columna sigue siendo INTEGER.

DO $$
DECLARE
    col_type TEXT;
BEGIN
    SELECT data_type INTO col_type
    FROM information_schema.columns
    WHERE table_name = 'paciente' AND column_name = 'protesis';

    IF col_type = 'integer' THEN
        ALTER TABLE paciente ALTER COLUMN protesis DROP DEFAULT;
        ALTER TABLE paciente ALTER COLUMN protesis TYPE BOOLEAN
            USING (protesis <> 0);
        ALTER TABLE paciente ALTER COLUMN protesis SET DEFAULT FALSE;
    END IF;
END $$ [42001-240]
Location   : db/migration/V11__fix_protesis_boolean.sql (/home/alaslibres/DAM/RehabiAPP/api/target/classes/db/migration/V11__fix_protesis_boolean.sql)
Line       : 12
Statement  : Run Flyway with -X option to see the actual statement causing the problem

	at org.flywaydb.core.internal.command.DbMigrate.doMigrateGroup(DbMigrate.java:399)
	at org.flywaydb.core.internal.command.DbMigrate.lambda$applyMigrations$1(DbMigrate.java:283)
	at org.flywaydb.core.internal.jdbc.TransactionalExecutionTemplate.execute(TransactionalExecutionTemplate.java:59)
	at org.flywaydb.core.internal.command.DbMigrate.applyMigrations(DbMigrate.java:282)
	at org.flywaydb.core.internal.command.DbMigrate.migrateGroup(DbMigrate.java:255)
	at org.flywaydb.core.internal.command.DbMigrate.lambda$migrateAll$0(DbMigrate.java:153)
	at org.flywaydb.core.internal.jdbc.TableLockingExecutionTemplate$1.call(TableLockingExecutionTemplate.java:40)
	at org.flywaydb.core.internal.jdbc.TransactionalExecutionTemplate.execute(TransactionalExecutionTemplate.java:59)
	at org.flywaydb.core.internal.jdbc.TableLockingExecutionTemplate.execute(TableLockingExecutionTemplate.java:35)
	at org.flywaydb.core.internal.database.base.Connection.lock(Connection.java:106)
	at org.flywaydb.core.internal.schemahistory.JdbcTableSchemaHistory.lock(JdbcTableSchemaHistory.java:164)
	at org.flywaydb.core.internal.command.DbMigrate.migrateAll(DbMigrate.java:153)
	at org.flywaydb.core.internal.command.DbMigrate.migrate(DbMigrate.java:104)
	at org.flywaydb.core.Flyway.lambda$migrate$3(Flyway.java:245)
	at org.flywaydb.core.FlywayExecutor.execute(FlywayExecutor.java:240)
	at org.flywaydb.core.Flyway.migrate(Flyway.java:186)
	at java.base/java.lang.reflect.Method.invoke(Method.java:565)
	at org.springframework.beans.factory.support.AbstractAutowireCapableBeanFactory.invokeCustomInitMethod(AbstractAutowireCapableBeanFactory.java:1921)
	at org.springframework.beans.factory.support.AbstractAutowireCapableBeanFactory.invokeInitMethods(AbstractAutowireCapableBeanFactory.java:1874)
	at org.springframework.beans.factory.support.AbstractAutowireCapableBeanFactory.initializeBean(AbstractAutowireCapableBeanFactory.java:1813)
	... 44 more
Caused by: org.flywaydb.core.internal.sqlscript.FlywaySqlScriptException: Failed to execute script V11__fix_protesis_boolean.sql
------------------------------------------------------
SQL State  : 42001
Error Code : 42001
Message    : Error de Sintaxis en sentencia SQL "-- V11: Convertir columna protesis de INTEGER a BOOLEAN en tabla paciente.\000a--\000a-- Problema: el schema legacy del desktop creo protesis como INTEGER (0/1).\000a-- La entidad JPA Paciente.java lo mapea como boolean.\000a-- Hibernate falla en UPDATE con ""column protesis is of type integer but\000a-- expression is of type boolean"".\000a--\000a-- La columna puede tener DEFAULT 0 (legacy) que impide el cast directo.\000a-- Solucion: DROP DEFAULT → ALTER TYPE con USING → SET DEFAULT FALSE.\000a-- Idempotente: solo actua si la columna sigue siendo INTEGER.\000a\000a[*]DO $$\000aDECLARE\000a    col_type TEXT;\000aBEGIN\000a    SELECT data_type INTO col_type\000a    FROM information_schema.columns\000a    WHERE table_name = 'paciente' AND column_name = 'protesis';\000a\000a    IF col_type = 'integer' THEN\000a        ALTER TABLE paciente ALTER COLUMN protesis DROP DEFAULT;\000a        ALTER TABLE paciente ALTER COLUMN protesis TYPE BOOLEAN\000a            USING (protesis <> 0);\000a        ALTER TABLE paciente ALTER COLUMN protesis SET DEFAULT FALSE;\000a    END IF;\000aEND $$"; se esperaba "DELETE, DROP"
Syntax error in SQL statement "-- V11: Convertir columna protesis de INTEGER a BOOLEAN en tabla paciente.\000a--\000a-- Problema: el schema legacy del desktop creo protesis como INTEGER (0/1).\000a-- La entidad JPA Paciente.java lo mapea como boolean.\000a-- Hibernate falla en UPDATE con ""column protesis is of type integer but\000a-- expression is of type boolean"".\000a--\000a-- La columna puede tener DEFAULT 0 (legacy) que impide el cast directo.\000a-- Solucion: DROP DEFAULT → ALTER TYPE con USING → SET DEFAULT FALSE.\000a-- Idempotente: solo actua si la columna sigue siendo INTEGER.\000a\000a[*]DO $$\000aDECLARE\000a    col_type TEXT;\000aBEGIN\000a    SELECT data_type INTO col_type\000a    FROM information_schema.columns\000a    WHERE table_name = 'paciente' AND column_name = 'protesis';\000a\000a    IF col_type = 'integer' THEN\000a        ALTER TABLE paciente ALTER COLUMN protesis DROP DEFAULT;\000a        ALTER TABLE paciente ALTER COLUMN protesis TYPE BOOLEAN\000a            USING (protesis <> 0);\000a        ALTER TABLE paciente ALTER COLUMN protesis SET DEFAULT FALSE;\000a    END IF;\000aEND $$"; expected "DELETE, DROP"; SQL statement:
-- V11: Convertir columna protesis de INTEGER a BOOLEAN en tabla paciente.
--
-- Problema: el schema legacy del desktop creo protesis como INTEGER (0/1).
-- La entidad JPA Paciente.java lo mapea como boolean.
-- Hibernate falla en UPDATE con "column protesis is of type integer but
-- expression is of type boolean".
--
-- La columna puede tener DEFAULT 0 (legacy) que impide el cast directo.
-- Solucion: DROP DEFAULT → ALTER TYPE con USING → SET DEFAULT FALSE.
-- Idempotente: solo actua si la columna sigue siendo INTEGER.

DO $$
DECLARE
    col_type TEXT;
BEGIN
    SELECT data_type INTO col_type
    FROM information_schema.columns
    WHERE table_name = 'paciente' AND column_name = 'protesis';

    IF col_type = 'integer' THEN
        ALTER TABLE paciente ALTER COLUMN protesis DROP DEFAULT;
        ALTER TABLE paciente ALTER COLUMN protesis TYPE BOOLEAN
            USING (protesis <> 0);
        ALTER TABLE paciente ALTER COLUMN protesis SET DEFAULT FALSE;
    END IF;
END $$ [42001-240]
Location   : db/migration/V11__fix_protesis_boolean.sql (/home/alaslibres/DAM/RehabiAPP/api/target/classes/db/migration/V11__fix_protesis_boolean.sql)
Line       : 12
Statement  : Run Flyway with -X option to see the actual statement causing the problem

	at org.flywaydb.core.internal.sqlscript.DefaultSqlScriptExecutor.handleException(DefaultSqlScriptExecutor.java:255)
	at org.flywaydb.core.internal.sqlscript.DefaultSqlScriptExecutor.executeStatement(DefaultSqlScriptExecutor.java:216)
	at org.flywaydb.core.internal.sqlscript.DefaultSqlScriptExecutor.execute(DefaultSqlScriptExecutor.java:136)
	at org.flywaydb.core.internal.resolver.sql.SqlMigrationExecutor.executeOnce(SqlMigrationExecutor.java:75)
	at org.flywaydb.core.internal.resolver.sql.SqlMigrationExecutor.lambda$execute$0(SqlMigrationExecutor.java:66)
	at org.flywaydb.core.internal.database.DefaultExecutionStrategy.execute(DefaultExecutionStrategy.java:31)
	at org.flywaydb.core.internal.resolver.sql.SqlMigrationExecutor.execute(SqlMigrationExecutor.java:65)
	at org.flywaydb.core.internal.command.DbMigrate.doMigrateGroup(DbMigrate.java:391)
	... 63 more
Caused by: org.h2.jdbc.JdbcSQLSyntaxErrorException: Error de Sintaxis en sentencia SQL "-- V11: Convertir columna protesis de INTEGER a BOOLEAN en tabla paciente.\000a--\000a-- Problema: el schema legacy del desktop creo protesis como INTEGER (0/1).\000a-- La entidad JPA Paciente.java lo mapea como boolean.\000a-- Hibernate falla en UPDATE con ""column protesis is of type integer but\000a-- expression is of type boolean"".\000a--\000a-- La columna puede tener DEFAULT 0 (legacy) que impide el cast directo.\000a-- Solucion: DROP DEFAULT → ALTER TYPE con USING → SET DEFAULT FALSE.\000a-- Idempotente: solo actua si la columna sigue siendo INTEGER.\000a\000a[*]DO $$\000aDECLARE\000a    col_type TEXT;\000aBEGIN\000a    SELECT data_type INTO col_type\000a    FROM information_schema.columns\000a    WHERE table_name = 'paciente' AND column_name = 'protesis';\000a\000a    IF col_type = 'integer' THEN\000a        ALTER TABLE paciente ALTER COLUMN protesis DROP DEFAULT;\000a        ALTER TABLE paciente ALTER COLUMN protesis TYPE BOOLEAN\000a            USING (protesis <> 0);\000a        ALTER TABLE paciente ALTER COLUMN protesis SET DEFAULT FALSE;\000a    END IF;\000aEND $$"; se esperaba "DELETE, DROP"
Syntax error in SQL statement "-- V11: Convertir columna protesis de INTEGER a BOOLEAN en tabla paciente.\000a--\000a-- Problema: el schema legacy del desktop creo protesis como INTEGER (0/1).\000a-- La entidad JPA Paciente.java lo mapea como boolean.\000a-- Hibernate falla en UPDATE con ""column protesis is of type integer but\000a-- expression is of type boolean"".\000a--\000a-- La columna puede tener DEFAULT 0 (legacy) que impide el cast directo.\000a-- Solucion: DROP DEFAULT → ALTER TYPE con USING → SET DEFAULT FALSE.\000a-- Idempotente: solo actua si la columna sigue siendo INTEGER.\000a\000a[*]DO $$\000aDECLARE\000a    col_type TEXT;\000aBEGIN\000a    SELECT data_type INTO col_type\000a    FROM information_schema.columns\000a    WHERE table_name = 'paciente' AND column_name = 'protesis';\000a\000a    IF col_type = 'integer' THEN\000a        ALTER TABLE paciente ALTER COLUMN protesis DROP DEFAULT;\000a        ALTER TABLE paciente ALTER COLUMN protesis TYPE BOOLEAN\000a            USING (protesis <> 0);\000a        ALTER TABLE paciente ALTER COLUMN protesis SET DEFAULT FALSE;\000a    END IF;\000aEND $$"; expected "DELETE, DROP"; SQL statement:
-- V11: Convertir columna protesis de INTEGER a BOOLEAN en tabla paciente.
--
-- Problema: el schema legacy del desktop creo protesis como INTEGER (0/1).
-- La entidad JPA Paciente.java lo mapea como boolean.
-- Hibernate falla en UPDATE con "column protesis is of type integer but
-- expression is of type boolean".
--
-- La columna puede tener DEFAULT 0 (legacy) que impide el cast directo.
-- Solucion: DROP DEFAULT → ALTER TYPE con USING → SET DEFAULT FALSE.
-- Idempotente: solo actua si la columna sigue siendo INTEGER.

DO $$
DECLARE
    col_type TEXT;
BEGIN
    SELECT data_type INTO col_type
    FROM information_schema.columns
    WHERE table_name = 'paciente' AND column_name = 'protesis';

    IF col_type = 'integer' THEN
        ALTER TABLE paciente ALTER COLUMN protesis DROP DEFAULT;
        ALTER TABLE paciente ALTER COLUMN protesis TYPE BOOLEAN
            USING (protesis <> 0);
        ALTER TABLE paciente ALTER COLUMN protesis SET DEFAULT FALSE;
    END IF;
END $$ [42001-240]
	at org.h2.message.DbException.getJdbcSQLException(DbException.java:514)
	at org.h2.message.DbException.getJdbcSQLException(DbException.java:489)
	at org.h2.message.DbException.getSyntaxError(DbException.java:261)
	at org.h2.command.ParserBase.getSyntaxError(ParserBase.java:762)
	at org.h2.command.Parser.parsePrepared(Parser.java:755)
	at org.h2.command.Parser.parse(Parser.java:584)
	at org.h2.command.Parser.parse(Parser.java:564)
	at org.h2.command.Parser.prepareCommand(Parser.java:487)
	at org.h2.engine.SessionLocal.prepareLocal(SessionLocal.java:647)
	at org.h2.engine.SessionLocal.prepareCommand(SessionLocal.java:563)
	at org.h2.jdbc.JdbcConnection.prepareCommand(JdbcConnection.java:1160)
	at org.h2.jdbc.JdbcStatement.executeInternal(JdbcStatement.java:245)
	at org.h2.jdbc.JdbcStatement.execute(JdbcStatement.java:231)
	at com.zaxxer.hikari.pool.ProxyStatement.execute(ProxyStatement.java:95)
	at com.zaxxer.hikari.pool.HikariProxyStatement.execute(HikariProxyStatement.java)
	at org.flywaydb.core.internal.jdbc.JdbcTemplate.executeStatement(JdbcTemplate.java:215)
	at org.flywaydb.core.internal.sqlscript.ParsedSqlStatement.execute(ParsedSqlStatement.java:88)
	at org.flywaydb.core.internal.sqlscript.DefaultSqlScriptExecutor.executeStatement(DefaultSqlScriptExecutor.java:211)
	... 69 more
]]></error>
    <system-out><![CDATA[19:21:00.480 [main] INFO org.springframework.test.context.support.AnnotationConfigContextLoaderUtils -- Could not detect default configuration classes for test class [com.rehabiapp.api.ApiApplicationTests]: ApiApplicationTests does not declare any static, non-private, non-final, nested classes annotated with @Configuration.
19:21:00.568 [main] INFO org.springframework.boot.test.context.SpringBootTestContextBootstrapper -- Found @SpringBootConfiguration com.rehabiapp.api.ApiApplication for test class com.rehabiapp.api.ApiApplicationTests
19:21:00.623 [main] INFO org.springframework.test.context.support.AnnotationConfigContextLoaderUtils -- Could not detect default configuration classes for test class [com.rehabiapp.api.ApiApplicationTests]: ApiApplicationTests does not declare any static, non-private, non-final, nested classes annotated with @Configuration.
19:21:00.625 [main] INFO org.springframework.boot.test.context.SpringBootTestContextBootstrapper -- Found @SpringBootConfiguration com.rehabiapp.api.ApiApplication for test class com.rehabiapp.api.ApiApplicationTests

  .   ____          _            __ _ _
 /\\ / ___'_ __ _ _(_)_ __  __ _ \ \ \ \
( ( )\___ | '_ | '_| | '_ \/ _` | \ \ \ \
 \\/  ___)| |_)| | | | | || (_| |  ) ) ) )
  '  |____| .__|_| |_|_| |_\__, | / / / /
 =========|_|==============|___/=/_/_/_/

 :: Spring Boot ::                (v4.0.5)

19:21:00 INFO  [main] c.r.a.ApiApplicationTests - Starting ApiApplicationTests using Java 24.0.2 with PID 106431 (started by alaslibres in /home/alaslibres/DAM/RehabiAPP/api)
19:21:00 INFO  [main] c.r.a.ApiApplicationTests - The following 1 profile is active: "test"
19:21:01 INFO  [background-preinit] o.h.v.i.util.Version - HV000001: Hibernate Validator 9.0.1.Final
19:21:01 INFO  [main] o.s.d.r.c.RepositoryConfigurationDelegate - Bootstrapping Spring Data JPA repositories in DEFAULT mode.
19:21:01 INFO  [main] o.s.d.r.c.RepositoryConfigurationDelegate - Finished Spring Data repository scanning in 53 ms. Found 13 JPA repository interfaces.
19:21:02 INFO  [main] o.hibernate.orm.jpa - HHH008540: Processing PersistenceUnitInfo [name: default]
19:21:02 INFO  [main] o.hibernate.orm.core - HHH000001: Hibernate ORM core version 7.2.7.Final
19:21:02 INFO  [main] o.h.e.b.i.EnversServiceImpl - Envers integration enabled? : true
19:21:02 INFO  [main] o.s.o.j.p.SpringPersistenceUnitInfo - No LoadTimeWeaver setup: ignoring JPA class transformer
19:21:02 INFO  [main] c.z.h.HikariDataSource - HikariPool-1 - Starting...
19:21:02 INFO  [main] c.z.h.p.HikariPool - HikariPool-1 - Added connection conn0: url=jdbc:h2:mem:rehabiapp_test user=SA
19:21:02 INFO  [main] c.z.h.HikariDataSource - HikariPool-1 - Start completed.
19:21:02 WARN  [main] o.h.orm.deprecation - HHH90000025: H2Dialect does not need to be specified explicitly using 'hibernate.dialect' (remove the property setting and it will be selected by default)
19:21:02 INFO  [main] o.h.o.c.pooling - HHH10001005: Database info:
	Database JDBC URL [jdbc:h2:mem:rehabiapp_test]
	Database driver: H2 JDBC Driver
	Database dialect: H2Dialect
	Database version: 2.4.240
	Default catalog/schema: REHABIAPP_TEST/PUBLIC
	Autocommit mode: undefined/unknown
	Isolation level: READ_COMMITTED [default READ_COMMITTED]
	JDBC fetch size: 100
	Pool: DataSourceConnectionProvider
	Minimum pool size: undefined/unknown
	Maximum pool size: undefined/unknown
19:21:02 INFO  [main] o.h.e.c.i.m.AuditMetadataGenerator - Adding properties for entity: com.rehabiapp.api.domain.entity.PacienteTratamiento
19:21:02 INFO  [main] o.h.e.c.i.m.AuditMetadataGenerator - Adding properties for entity: com.rehabiapp.api.domain.entity.Cita
19:21:02 INFO  [main] o.h.e.c.i.m.AuditMetadataGenerator - Adding properties for entity: com.rehabiapp.api.domain.entity.Sanitario
19:21:02 INFO  [main] o.h.e.c.i.m.AuditMetadataGenerator - Adding properties for entity: com.rehabiapp.api.domain.entity.PacienteDiscapacidad
19:21:02 INFO  [main] o.h.e.c.i.m.AuditMetadataGenerator - Adding properties for entity: com.rehabiapp.api.domain.entity.Paciente
19:21:03 INFO  [main] o.hibernate.orm.core - HHH000489: No JTA platform available (set 'hibernate.transaction.jta.platform' to enable JTA platform integration)
19:21:03 INFO  [main] o.s.o.j.LocalContainerEntityManagerFactoryBean - Initialized JPA EntityManagerFactory for persistence unit 'default'
19:21:03 INFO  [main] o.s.d.j.r.q.QueryEnhancerFactories - Hibernate is in classpath; If applicable, HQL parser will be used.
19:21:04 INFO  [main] o.f.c.FlywayExecutor - Database: jdbc:h2:mem:rehabiapp_test (H2 2.4)
19:21:04 WARN  [main] o.f.c.i.d.b.Database - Using H2 2.4.240 which is newer than the version Flyway has been verified with. The latest verified version of H2 is 2.3.232.
19:21:04 INFO  [main] o.f.c.i.s.JdbcTableSchemaHistory - Schema history table "PUBLIC"."flyway_schema_history" does not exist yet
19:21:04 INFO  [main] o.f.c.i.c.DbValidate - Successfully validated 12 migrations (execution time 00:00.012s)
19:21:04 INFO  [main] o.f.c.i.s.JdbcTableSchemaHistory - Creating Schema History table "PUBLIC"."flyway_schema_history" with baseline ...
19:21:04 INFO  [main] o.f.c.i.c.DbBaseline - Successfully baselined schema with version: 8
19:21:04 INFO  [main] o.f.c.i.c.DbMigrate - Current version of schema "PUBLIC": 8
19:21:04 INFO  [main] o.f.c.i.c.DbMigrate - Migrating schema "PUBLIC" to version "9 - fix envers y direccion"
19:21:04 INFO  [main] o.f.c.i.c.DbMigrate - Migrating schema "PUBLIC" to version "10 - fix audit columns"
19:21:04 INFO  [main] o.f.c.i.c.DbMigrate - Migrating schema "PUBLIC" to version "11 - fix protesis boolean"
19:21:04 ERROR [main] o.f.c.i.c.DbMigrate - Migration of schema "PUBLIC" to version "11 - fix protesis boolean" failed! Please restore backups and roll back database and code!
19:21:04 WARN  [main] o.s.w.c.s.GenericWebApplicationContext - Exception encountered during context initialization - cancelling refresh attempt: org.springframework.beans.factory.BeanCreationException: Error creating bean with name 'flyway' defined in class path resource [com/rehabiapp/api/infrastructure/config/FlywayConfig.class]: Failed to execute script V11__fix_protesis_boolean.sql
------------------------------------------------------
SQL State  : 42001
Error Code : 42001
Message    : Error de Sintaxis en sentencia SQL "-- V11: Convertir columna protesis de INTEGER a BOOLEAN en tabla paciente.\000a--\000a-- Problema: el schema legacy del desktop creo protesis como INTEGER (0/1).\000a-- La entidad JPA Paciente.java lo mapea como boolean.\000a-- Hibernate falla en UPDATE con ""column protesis is of type integer but\000a-- expression is of type boolean"".\000a--\000a-- La columna puede tener DEFAULT 0 (legacy) que impide el cast directo.\000a-- Solucion: DROP DEFAULT → ALTER TYPE con USING → SET DEFAULT FALSE.\000a-- Idempotente: solo actua si la columna sigue siendo INTEGER.\000a\000a[*]DO $$\000aDECLARE\000a    col_type TEXT;\000aBEGIN\000a    SELECT data_type INTO col_type\000a    FROM information_schema.columns\000a    WHERE table_name = 'paciente' AND column_name = 'protesis';\000a\000a    IF col_type = 'integer' THEN\000a        ALTER TABLE paciente ALTER COLUMN protesis DROP DEFAULT;\000a        ALTER TABLE paciente ALTER COLUMN protesis TYPE BOOLEAN\000a            USING (protesis <> 0);\000a        ALTER TABLE paciente ALTER COLUMN protesis SET DEFAULT FALSE;\000a    END IF;\000aEND $$"; se esperaba "DELETE, DROP"
Syntax error in SQL statement "-- V11: Convertir columna protesis de INTEGER a BOOLEAN en tabla paciente.\000a--\000a-- Problema: el schema legacy del desktop creo protesis como INTEGER (0/1).\000a-- La entidad JPA Paciente.java lo mapea como boolean.\000a-- Hibernate falla en UPDATE con ""column protesis is of type integer but\000a-- expression is of type boolean"".\000a--\000a-- La columna puede tener DEFAULT 0 (legacy) que impide el cast directo.\000a-- Solucion: DROP DEFAULT → ALTER TYPE con USING → SET DEFAULT FALSE.\000a-- Idempotente: solo actua si la columna sigue siendo INTEGER.\000a\000a[*]DO $$\000aDECLARE\000a    col_type TEXT;\000aBEGIN\000a    SELECT data_type INTO col_type\000a    FROM information_schema.columns\000a    WHERE table_name = 'paciente' AND column_name = 'protesis';\000a\000a    IF col_type = 'integer' THEN\000a        ALTER TABLE paciente ALTER COLUMN protesis DROP DEFAULT;\000a        ALTER TABLE paciente ALTER COLUMN protesis TYPE BOOLEAN\000a            USING (protesis <> 0);\000a        ALTER TABLE paciente ALTER COLUMN protesis SET DEFAULT FALSE;\000a    END IF;\000aEND $$"; expected "DELETE, DROP"; SQL statement:
-- V11: Convertir columna protesis de INTEGER a BOOLEAN en tabla paciente.
--
-- Problema: el schema legacy del desktop creo protesis como INTEGER (0/1).
-- La entidad JPA Paciente.java lo mapea como boolean.
-- Hibernate falla en UPDATE con "column protesis is of type integer but
-- expression is of type boolean".
--
-- La columna puede tener DEFAULT 0 (legacy) que impide el cast directo.
-- Solucion: DROP DEFAULT → ALTER TYPE con USING → SET DEFAULT FALSE.
-- Idempotente: solo actua si la columna sigue siendo INTEGER.

DO $$
DECLARE
    col_type TEXT;
BEGIN
    SELECT data_type INTO col_type
    FROM information_schema.columns
    WHERE table_name = 'paciente' AND column_name = 'protesis';

    IF col_type = 'integer' THEN
        ALTER TABLE paciente ALTER COLUMN protesis DROP DEFAULT;
        ALTER TABLE paciente ALTER COLUMN protesis TYPE BOOLEAN
            USING (protesis <> 0);
        ALTER TABLE paciente ALTER COLUMN protesis SET DEFAULT FALSE;
    END IF;
END $$ [42001-240]
Location   : db/migration/V11__fix_protesis_boolean.sql (/home/alaslibres/DAM/RehabiAPP/api/target/classes/db/migration/V11__fix_protesis_boolean.sql)
Line       : 12
Statement  : Run Flyway with -X option to see the actual statement causing the problem

19:21:04 INFO  [main] o.s.o.j.LocalContainerEntityManagerFactoryBean - Closing JPA EntityManagerFactory for persistence unit 'default'
19:21:04 INFO  [main] c.z.h.HikariDataSource - HikariPool-1 - Shutdown initiated...
19:21:04 INFO  [main] c.z.h.HikariDataSource - HikariPool-1 - Shutdown completed.
19:21:04 INFO  [main] o.s.b.a.l.ConditionEvaluationReportLogger - 

Error starting ApplicationContext. To display the condition evaluation report re-run your application with 'debug' enabled.
19:21:04 ERROR [main] o.s.b.SpringApplication - Application run failed
org.springframework.beans.factory.BeanCreationException: Error creating bean with name 'flyway' defined in class path resource [com/rehabiapp/api/infrastructure/config/FlywayConfig.class]: Failed to execute script V11__fix_protesis_boolean.sql
------------------------------------------------------
SQL State  : 42001
Error Code : 42001
Message    : Error de Sintaxis en sentencia SQL "-- V11: Convertir columna protesis de INTEGER a BOOLEAN en tabla paciente.\000a--\000a-- Problema: el schema legacy del desktop creo protesis como INTEGER (0/1).\000a-- La entidad JPA Paciente.java lo mapea como boolean.\000a-- Hibernate falla en UPDATE con ""column protesis is of type integer but\000a-- expression is of type boolean"".\000a--\000a-- La columna puede tener DEFAULT 0 (legacy) que impide el cast directo.\000a-- Solucion: DROP DEFAULT → ALTER TYPE con USING → SET DEFAULT FALSE.\000a-- Idempotente: solo actua si la columna sigue siendo INTEGER.\000a\000a[*]DO $$\000aDECLARE\000a    col_type TEXT;\000aBEGIN\000a    SELECT data_type INTO col_type\000a    FROM information_schema.columns\000a    WHERE table_name = 'paciente' AND column_name = 'protesis';\000a\000a    IF col_type = 'integer' THEN\000a        ALTER TABLE paciente ALTER COLUMN protesis DROP DEFAULT;\000a        ALTER TABLE paciente ALTER COLUMN protesis TYPE BOOLEAN\000a            USING (protesis <> 0);\000a        ALTER TABLE paciente ALTER COLUMN protesis SET DEFAULT FALSE;\000a    END IF;\000aEND $$"; se esperaba "DELETE, DROP"
Syntax error in SQL statement "-- V11: Convertir columna protesis de INTEGER a BOOLEAN en tabla paciente.\000a--\000a-- Problema: el schema legacy del desktop creo protesis como INTEGER (0/1).\000a-- La entidad JPA Paciente.java lo mapea como boolean.\000a-- Hibernate falla en UPDATE con ""column protesis is of type integer but\000a-- expression is of type boolean"".\000a--\000a-- La columna puede tener DEFAULT 0 (legacy) que impide el cast directo.\000a-- Solucion: DROP DEFAULT → ALTER TYPE con USING → SET DEFAULT FALSE.\000a-- Idempotente: solo actua si la columna sigue siendo INTEGER.\000a\000a[*]DO $$\000aDECLARE\000a    col_type TEXT;\000aBEGIN\000a    SELECT data_type INTO col_type\000a    FROM information_schema.columns\000a    WHERE table_name = 'paciente' AND column_name = 'protesis';\000a\000a    IF col_type = 'integer' THEN\000a        ALTER TABLE paciente ALTER COLUMN protesis DROP DEFAULT;\000a        ALTER TABLE paciente ALTER COLUMN protesis TYPE BOOLEAN\000a            USING (protesis <> 0);\000a        ALTER TABLE paciente ALTER COLUMN protesis SET DEFAULT FALSE;\000a    END IF;\000aEND $$"; expected "DELETE, DROP"; SQL statement:
-- V11: Convertir columna protesis de INTEGER a BOOLEAN en tabla paciente.
--
-- Problema: el schema legacy del desktop creo protesis como INTEGER (0/1).
-- La entidad JPA Paciente.java lo mapea como boolean.
-- Hibernate falla en UPDATE con "column protesis is of type integer but
-- expression is of type boolean".
--
-- La columna puede tener DEFAULT 0 (legacy) que impide el cast directo.
-- Solucion: DROP DEFAULT → ALTER TYPE con USING → SET DEFAULT FALSE.
-- Idempotente: solo actua si la columna sigue siendo INTEGER.

DO $$
DECLARE
    col_type TEXT;
BEGIN
    SELECT data_type INTO col_type
    FROM information_schema.columns
    WHERE table_name = 'paciente' AND column_name = 'protesis';

    IF col_type = 'integer' THEN
        ALTER TABLE paciente ALTER COLUMN protesis DROP DEFAULT;
        ALTER TABLE paciente ALTER COLUMN protesis TYPE BOOLEAN
            USING (protesis <> 0);
        ALTER TABLE paciente ALTER COLUMN protesis SET DEFAULT FALSE;
    END IF;
END $$ [42001-240]
Location   : db/migration/V11__fix_protesis_boolean.sql (/home/alaslibres/DAM/RehabiAPP/api/target/classes/db/migration/V11__fix_protesis_boolean.sql)
Line       : 12
Statement  : Run Flyway with -X option to see the actual statement causing the problem

	at org.springframework.beans.factory.support.AbstractAutowireCapableBeanFactory.initializeBean(AbstractAutowireCapableBeanFactory.java:1817)
	at org.springframework.beans.factory.support.AbstractAutowireCapableBeanFactory.doCreateBean(AbstractAutowireCapableBeanFactory.java:603)
	at org.springframework.beans.factory.support.AbstractAutowireCapableBeanFactory.createBean(AbstractAutowireCapableBeanFactory.java:525)
	at org.springframework.beans.factory.support.AbstractBeanFactory.lambda$doGetBean$0(AbstractBeanFactory.java:333)
	at org.springframework.beans.factory.support.DefaultSingletonBeanRegistry.getSingleton(DefaultSingletonBeanRegistry.java:371)
	at org.springframework.beans.factory.support.AbstractBeanFactory.doGetBean(AbstractBeanFactory.java:331)
	at org.springframework.beans.factory.support.AbstractBeanFactory.getBean(AbstractBeanFactory.java:196)
	at org.springframework.beans.factory.support.DefaultListableBeanFactory.instantiateSingleton(DefaultListableBeanFactory.java:1218)
	at org.springframework.beans.factory.support.DefaultListableBeanFactory.preInstantiateSingleton(DefaultListableBeanFactory.java:1184)
	at org.springframework.beans.factory.support.DefaultListableBeanFactory.preInstantiateSingletons(DefaultListableBeanFactory.java:1121)
	at org.springframework.context.support.AbstractApplicationContext.finishBeanFactoryInitialization(AbstractApplicationContext.java:994)
	at org.springframework.context.support.AbstractApplicationContext.refresh(AbstractApplicationContext.java:621)
	at org.springframework.boot.SpringApplication.refresh(SpringApplication.java:756)
	at org.springframework.boot.SpringApplication.refreshContext(SpringApplication.java:445)
	at org.springframework.boot.SpringApplication.run(SpringApplication.java:321)
	at org.springframework.boot.test.context.SpringBootContextLoader.lambda$loadContext$2(SpringBootContextLoader.java:155)
	at org.springframework.util.function.ThrowingSupplier.get(ThrowingSupplier.java:58)
	at org.springframework.util.function.ThrowingSupplier.get(ThrowingSupplier.java:46)
	at org.springframework.boot.SpringApplication.withHook(SpringApplication.java:1465)
	at org.springframework.boot.test.context.SpringBootContextLoader$ContextLoaderHook.run(SpringBootContextLoader.java:600)
	at org.springframework.boot.test.context.SpringBootContextLoader.loadContext(SpringBootContextLoader.java:155)
	at org.springframework.boot.test.context.SpringBootContextLoader.loadContext(SpringBootContextLoader.java:114)
	at org.springframework.test.context.cache.DefaultCacheAwareContextLoaderDelegate.loadContextInternal(DefaultCacheAwareContextLoaderDelegate.java:247)
	at org.springframework.test.context.cache.DefaultCacheAwareContextLoaderDelegate.lambda$loadContext$0(DefaultCacheAwareContextLoaderDelegate.java:167)
	at org.springframework.test.context.cache.DefaultContextCache.put(DefaultContextCache.java:214)
	at org.springframework.test.context.cache.DefaultCacheAwareContextLoaderDelegate.loadContext(DefaultCacheAwareContextLoaderDelegate.java:160)
	at org.springframework.test.context.support.DefaultTestContext.getApplicationContext(DefaultTestContext.java:128)
	at org.springframework.test.context.web.ServletTestExecutionListener.setUpRequestContextIfNecessary(ServletTestExecutionListener.java:200)
	at org.springframework.test.context.web.ServletTestExecutionListener.prepareTestInstance(ServletTestExecutionListener.java:139)
	at org.springframework.test.context.TestContextManager.prepareTestInstance(TestContextManager.java:260)
	at org.springframework.test.context.junit.jupiter.SpringExtension.postProcessTestInstance(SpringExtension.java:210)
	at org.junit.jupiter.engine.descriptor.ClassBasedTestDescriptor.lambda$invokeTestInstancePostProcessors$1(ClassBasedTestDescriptor.java:423)
	at org.junit.jupiter.engine.descriptor.ClassBasedTestDescriptor.executeAndMaskThrowable(ClassBasedTestDescriptor.java:428)
	at org.junit.jupiter.engine.descriptor.ClassBasedTestDescriptor.lambda$invokeTestInstancePostProcessors$0(ClassBasedTestDescriptor.java:422)
	at java.base/java.util.stream.ForEachOps$ForEachOp$OfRef.accept(ForEachOps.java:186)
	at java.base/java.util.stream.ReferencePipeline$3$1.accept(ReferencePipeline.java:215)
	at java.base/java.util.stream.ReferencePipeline$2$1.accept(ReferencePipeline.java:197)
	at java.base/java.util.stream.ReferencePipeline$3$1.accept(ReferencePipeline.java:215)
	at java.base/java.util.ArrayList$ArrayListSpliterator.forEachRemaining(ArrayList.java:1716)
	at java.base/java.util.stream.AbstractPipeline.copyInto(AbstractPipeline.java:570)
	at java.base/java.util.stream.AbstractPipeline.wrapAndCopyInto(AbstractPipeline.java:560)
	at java.base/java.util.stream.ForEachOps$ForEachOp.evaluateSequential(ForEachOps.java:153)
	at java.base/java.util.stream.ForEachOps$ForEachOp$OfRef.evaluateSequential(ForEachOps.java:176)
	at java.base/java.util.stream.AbstractPipeline.evaluate(AbstractPipeline.java:265)
	at java.base/java.util.stream.ReferencePipeline.forEach(ReferencePipeline.java:636)
	at org.junit.jupiter.engine.descriptor.ClassBasedTestDescriptor.invokeTestInstancePostProcessors(ClassBasedTestDescriptor.java:422)
	at org.junit.jupiter.engine.descriptor.ClassBasedTestDescriptor.lambda$instantiateAndPostProcessTestInstance$0(ClassBasedTestDescriptor.java:334)
	at org.junit.platform.engine.support.hierarchical.ThrowableCollector.execute(ThrowableCollector.java:74)
	at org.junit.jupiter.engine.descriptor.ClassBasedTestDescriptor.instantiateAndPostProcessTestInstance(ClassBasedTestDescriptor.java:333)
	at org.junit.jupiter.engine.descriptor.ClassBasedTestDescriptor.lambda$testInstancesProvider$1(ClassBasedTestDescriptor.java:322)
	at java.base/java.util.Optional.orElseGet(Optional.java:364)
	at org.junit.jupiter.engine.descriptor.ClassBasedTestDescriptor.lambda$testInstancesProvider$0(ClassBasedTestDescriptor.java:321)
	at org.junit.jupiter.engine.execution.TestInstancesProvider.getTestInstances(TestInstancesProvider.java:27)
	at org.junit.jupiter.engine.descriptor.TestMethodTestDescriptor.lambda$prepare$0(TestMethodTestDescriptor.java:127)
	at org.junit.platform.engine.support.hierarchical.ThrowableCollector.execute(ThrowableCollector.java:74)
	at org.junit.jupiter.engine.descriptor.TestMethodTestDescriptor.prepare(TestMethodTestDescriptor.java:126)
	at org.junit.jupiter.engine.descriptor.TestMethodTestDescriptor.prepare(TestMethodTestDescriptor.java:70)
	at org.junit.platform.engine.support.hierarchical.NodeTestTask.lambda$prepare$0(NodeTestTask.java:144)
	at org.junit.platform.engine.support.hierarchical.ThrowableCollector.execute(ThrowableCollector.java:74)
	at org.junit.platform.engine.support.hierarchical.NodeTestTask.prepare(NodeTestTask.java:144)
	at org.junit.platform.engine.support.hierarchical.NodeTestTask.execute(NodeTestTask.java:110)
	at java.base/java.util.ArrayList.forEach(ArrayList.java:1604)
	at org.junit.platform.engine.support.hierarchical.SameThreadHierarchicalTestExecutorService.invokeAll(SameThreadHierarchicalTestExecutorService.java:42)
	at org.junit.platform.engine.support.hierarchical.NodeTestTask.lambda$executeRecursively$2(NodeTestTask.java:180)
	at org.junit.platform.engine.support.hierarchical.ThrowableCollector.execute(ThrowableCollector.java:74)
	at org.junit.platform.engine.support.hierarchical.NodeTestTask.lambda$executeRecursively$1(NodeTestTask.java:166)
	at org.junit.platform.engine.support.hierarchical.Node.around(Node.java:138)
	at org.junit.platform.engine.support.hierarchical.NodeTestTask.lambda$executeRecursively$0(NodeTestTask.java:164)
	at org.junit.platform.engine.support.hierarchical.ThrowableCollector.execute(ThrowableCollector.java:74)
	at org.junit.platform.engine.support.hierarchical.NodeTestTask.executeRecursively(NodeTestTask.java:163)
	at org.junit.platform.engine.support.hierarchical.NodeTestTask.execute(NodeTestTask.java:116)
	at java.base/java.util.ArrayList.forEach(ArrayList.java:1604)
	at org.junit.platform.engine.support.hierarchical.SameThreadHierarchicalTestExecutorService.invokeAll(SameThreadHierarchicalTestExecutorService.java:42)
	at org.junit.platform.engine.support.hierarchical.NodeTestTask.lambda$executeRecursively$2(NodeTestTask.java:180)
	at org.junit.platform.engine.support.hierarchical.ThrowableCollector.execute(ThrowableCollector.java:74)
	at org.junit.platform.engine.support.hierarchical.NodeTestTask.lambda$executeRecursively$1(NodeTestTask.java:166)
	at org.junit.platform.engine.support.hierarchical.Node.around(Node.java:138)
	at org.junit.platform.engine.support.hierarchical.NodeTestTask.lambda$executeRecursively$0(NodeTestTask.java:164)
	at org.junit.platform.engine.support.hierarchical.ThrowableCollector.execute(ThrowableCollector.java:74)
	at org.junit.platform.engine.support.hierarchical.NodeTestTask.executeRecursively(NodeTestTask.java:163)
	at org.junit.platform.engine.support.hierarchical.NodeTestTask.execute(NodeTestTask.java:116)
	at org.junit.platform.engine.support.hierarchical.SameThreadHierarchicalTestExecutorService.submit(SameThreadHierarchicalTestExecutorService.java:36)
	at org.junit.platform.engine.support.hierarchical.HierarchicalTestExecutor.execute(HierarchicalTestExecutor.java:52)
	at org.junit.platform.engine.support.hierarchical.HierarchicalTestEngine.execute(HierarchicalTestEngine.java:58)
	at org.junit.platform.launcher.core.EngineExecutionOrchestrator.executeEngine(EngineExecutionOrchestrator.java:246)
	at org.junit.platform.launcher.core.EngineExecutionOrchestrator.failOrExecuteEngine(EngineExecutionOrchestrator.java:218)
	at org.junit.platform.launcher.core.EngineExecutionOrchestrator.execute(EngineExecutionOrchestrator.java:179)
	at org.junit.platform.launcher.core.EngineExecutionOrchestrator.execute(EngineExecutionOrchestrator.java:108)
	at org.junit.platform.launcher.core.EngineExecutionOrchestrator.lambda$execute$0(EngineExecutionOrchestrator.java:66)
	at org.junit.platform.launcher.core.EngineExecutionOrchestrator.withInterceptedStreams(EngineExecutionOrchestrator.java:157)
	at org.junit.platform.launcher.core.EngineExecutionOrchestrator.execute(EngineExecutionOrchestrator.java:65)
	at org.junit.platform.launcher.core.DefaultLauncher.execute(DefaultLauncher.java:125)
	at org.junit.platform.launcher.core.DefaultLauncher.execute(DefaultLauncher.java:114)
	at org.junit.platform.launcher.core.DelegatingLauncher.execute(DelegatingLauncher.java:58)
	at org.junit.platform.launcher.core.InterceptingLauncher.lambda$execute$2(InterceptingLauncher.java:57)
	at org.junit.platform.launcher.core.ClasspathAlignmentCheckingLauncherInterceptor.intercept(ClasspathAlignmentCheckingLauncherInterceptor.java:25)
	at org.junit.platform.launcher.core.InterceptingLauncher.execute(InterceptingLauncher.java:56)
	at org.junit.platform.launcher.core.DelegatingLauncher.execute(DelegatingLauncher.java:58)
	at java.base/jdk.internal.reflect.DirectMethodHandleAccessor.invoke(DirectMethodHandleAccessor.java:104)
	at java.base/java.lang.reflect.Method.invoke(Method.java:565)
	at org.apache.maven.surefire.api.util.ReflectionUtils.invokeMethodWithArray(ReflectionUtils.java:125)
	at org.apache.maven.surefire.junitplatform.LauncherAdapter.executeWithCancellationToken(LauncherAdapter.java:68)
	at org.apache.maven.surefire.junitplatform.LauncherAdapter.execute(LauncherAdapter.java:54)
	at org.apache.maven.surefire.junitplatform.JUnitPlatformProvider.execute(JUnitPlatformProvider.java:203)
	at org.apache.maven.surefire.junitplatform.JUnitPlatformProvider.invokeAllTests(JUnitPlatformProvider.java:168)
	at org.apache.maven.surefire.junitplatform.JUnitPlatformProvider.invoke(JUnitPlatformProvider.java:136)
	at org.apache.maven.surefire.booter.ForkedBooter.runSuitesInProcess(ForkedBooter.java:385)
	at org.apache.maven.surefire.booter.ForkedBooter.execute(ForkedBooter.java:162)
	at org.apache.maven.surefire.booter.ForkedBooter.run(ForkedBooter.java:507)
	at org.apache.maven.surefire.booter.ForkedBooter.main(ForkedBooter.java:495)
Caused by: org.flywaydb.core.internal.exception.FlywayMigrateException: Failed to execute script V11__fix_protesis_boolean.sql
------------------------------------------------------
SQL State  : 42001
Error Code : 42001
Message    : Error de Sintaxis en sentencia SQL "-- V11: Convertir columna protesis de INTEGER a BOOLEAN en tabla paciente.\000a--\000a-- Problema: el schema legacy del desktop creo protesis como INTEGER (0/1).\000a-- La entidad JPA Paciente.java lo mapea como boolean.\000a-- Hibernate falla en UPDATE con ""column protesis is of type integer but\000a-- expression is of type boolean"".\000a--\000a-- La columna puede tener DEFAULT 0 (legacy) que impide el cast directo.\000a-- Solucion: DROP DEFAULT → ALTER TYPE con USING → SET DEFAULT FALSE.\000a-- Idempotente: solo actua si la columna sigue siendo INTEGER.\000a\000a[*]DO $$\000aDECLARE\000a    col_type TEXT;\000aBEGIN\000a    SELECT data_type INTO col_type\000a    FROM information_schema.columns\000a    WHERE table_name = 'paciente' AND column_name = 'protesis';\000a\000a    IF col_type = 'integer' THEN\000a        ALTER TABLE paciente ALTER COLUMN protesis DROP DEFAULT;\000a        ALTER TABLE paciente ALTER COLUMN protesis TYPE BOOLEAN\000a            USING (protesis <> 0);\000a        ALTER TABLE paciente ALTER COLUMN protesis SET DEFAULT FALSE;\000a    END IF;\000aEND $$"; se esperaba "DELETE, DROP"
Syntax error in SQL statement "-- V11: Convertir columna protesis de INTEGER a BOOLEAN en tabla paciente.\000a--\000a-- Problema: el schema legacy del desktop creo protesis como INTEGER (0/1).\000a-- La entidad JPA Paciente.java lo mapea como boolean.\000a-- Hibernate falla en UPDATE con ""column protesis is of type integer but\000a-- expression is of type boolean"".\000a--\000a-- La columna puede tener DEFAULT 0 (legacy) que impide el cast directo.\000a-- Solucion: DROP DEFAULT → ALTER TYPE con USING → SET DEFAULT FALSE.\000a-- Idempotente: solo actua si la columna sigue siendo INTEGER.\000a\000a[*]DO $$\000aDECLARE\000a    col_type TEXT;\000aBEGIN\000a    SELECT data_type INTO col_type\000a    FROM information_schema.columns\000a    WHERE table_name = 'paciente' AND column_name = 'protesis';\000a\000a    IF col_type = 'integer' THEN\000a        ALTER TABLE paciente ALTER COLUMN protesis DROP DEFAULT;\000a        ALTER TABLE paciente ALTER COLUMN protesis TYPE BOOLEAN\000a            USING (protesis <> 0);\000a        ALTER TABLE paciente ALTER COLUMN protesis SET DEFAULT FALSE;\000a    END IF;\000aEND $$"; expected "DELETE, DROP"; SQL statement:
-- V11: Convertir columna protesis de INTEGER a BOOLEAN en tabla paciente.
--
-- Problema: el schema legacy del desktop creo protesis como INTEGER (0/1).
-- La entidad JPA Paciente.java lo mapea como boolean.
-- Hibernate falla en UPDATE con "column protesis is of type integer but
-- expression is of type boolean".
--
-- La columna puede tener DEFAULT 0 (legacy) que impide el cast directo.
-- Solucion: DROP DEFAULT → ALTER TYPE con USING → SET DEFAULT FALSE.
-- Idempotente: solo actua si la columna sigue siendo INTEGER.

DO $$
DECLARE
    col_type TEXT;
BEGIN
    SELECT data_type INTO col_type
    FROM information_schema.columns
    WHERE table_name = 'paciente' AND column_name = 'protesis';

    IF col_type = 'integer' THEN
        ALTER TABLE paciente ALTER COLUMN protesis DROP DEFAULT;
        ALTER TABLE paciente ALTER COLUMN protesis TYPE BOOLEAN
            USING (protesis <> 0);
        ALTER TABLE paciente ALTER COLUMN protesis SET DEFAULT FALSE;
    END IF;
END $$ [42001-240]
Location   : db/migration/V11__fix_protesis_boolean.sql (/home/alaslibres/DAM/RehabiAPP/api/target/classes/db/migration/V11__fix_protesis_boolean.sql)
Line       : 12
Statement  : Run Flyway with -X option to see the actual statement causing the problem

	at org.flywaydb.core.internal.command.DbMigrate.doMigrateGroup(DbMigrate.java:399)
	at org.flywaydb.core.internal.command.DbMigrate.lambda$applyMigrations$1(DbMigrate.java:283)
	at org.flywaydb.core.internal.jdbc.TransactionalExecutionTemplate.execute(TransactionalExecutionTemplate.java:59)
	at org.flywaydb.core.internal.command.DbMigrate.applyMigrations(DbMigrate.java:282)
	at org.flywaydb.core.internal.command.DbMigrate.migrateGroup(DbMigrate.java:255)
	at org.flywaydb.core.internal.command.DbMigrate.lambda$migrateAll$0(DbMigrate.java:153)
	at org.flywaydb.core.internal.jdbc.TableLockingExecutionTemplate$1.call(TableLockingExecutionTemplate.java:40)
	at org.flywaydb.core.internal.jdbc.TransactionalExecutionTemplate.execute(TransactionalExecutionTemplate.java:59)
	at org.flywaydb.core.internal.jdbc.TableLockingExecutionTemplate.execute(TableLockingExecutionTemplate.java:35)
	at org.flywaydb.core.internal.database.base.Connection.lock(Connection.java:106)
	at org.flywaydb.core.internal.schemahistory.JdbcTableSchemaHistory.lock(JdbcTableSchemaHistory.java:164)
	at org.flywaydb.core.internal.command.DbMigrate.migrateAll(DbMigrate.java:153)
	at org.flywaydb.core.internal.command.DbMigrate.migrate(DbMigrate.java:104)
	at org.flywaydb.core.Flyway.lambda$migrate$3(Flyway.java:245)
	at org.flywaydb.core.FlywayExecutor.execute(FlywayExecutor.java:240)
	at org.flywaydb.core.Flyway.migrate(Flyway.java:186)
	at java.base/jdk.internal.reflect.DirectMethodHandleAccessor.invoke(DirectMethodHandleAccessor.java:104)
	at java.base/java.lang.reflect.Method.invoke(Method.java:565)
	at org.springframework.beans.factory.support.AbstractAutowireCapableBeanFactory.invokeCustomInitMethod(AbstractAutowireCapableBeanFactory.java:1921)
	at org.springframework.beans.factory.support.AbstractAutowireCapableBeanFactory.invokeInitMethods(AbstractAutowireCapableBeanFactory.java:1874)
	at org.springframework.beans.factory.support.AbstractAutowireCapableBeanFactory.initializeBean(AbstractAutowireCapableBeanFactory.java:1813)
	... 109 common frames omitted
Caused by: org.flywaydb.core.internal.sqlscript.FlywaySqlScriptException: Failed to execute script V11__fix_protesis_boolean.sql
------------------------------------------------------
SQL State  : 42001
Error Code : 42001
Message    : Error de Sintaxis en sentencia SQL "-- V11: Convertir columna protesis de INTEGER a BOOLEAN en tabla paciente.\000a--\000a-- Problema: el schema legacy del desktop creo protesis como INTEGER (0/1).\000a-- La entidad JPA Paciente.java lo mapea como boolean.\000a-- Hibernate falla en UPDATE con ""column protesis is of type integer but\000a-- expression is of type boolean"".\000a--\000a-- La columna puede tener DEFAULT 0 (legacy) que impide el cast directo.\000a-- Solucion: DROP DEFAULT → ALTER TYPE con USING → SET DEFAULT FALSE.\000a-- Idempotente: solo actua si la columna sigue siendo INTEGER.\000a\000a[*]DO $$\000aDECLARE\000a    col_type TEXT;\000aBEGIN\000a    SELECT data_type INTO col_type\000a    FROM information_schema.columns\000a    WHERE table_name = 'paciente' AND column_name = 'protesis';\000a\000a    IF col_type = 'integer' THEN\000a        ALTER TABLE paciente ALTER COLUMN protesis DROP DEFAULT;\000a        ALTER TABLE paciente ALTER COLUMN protesis TYPE BOOLEAN\000a            USING (protesis <> 0);\000a        ALTER TABLE paciente ALTER COLUMN protesis SET DEFAULT FALSE;\000a    END IF;\000aEND $$"; se esperaba "DELETE, DROP"
Syntax error in SQL statement "-- V11: Convertir columna protesis de INTEGER a BOOLEAN en tabla paciente.\000a--\000a-- Problema: el schema legacy del desktop creo protesis como INTEGER (0/1).\000a-- La entidad JPA Paciente.java lo mapea como boolean.\000a-- Hibernate falla en UPDATE con ""column protesis is of type integer but\000a-- expression is of type boolean"".\000a--\000a-- La columna puede tener DEFAULT 0 (legacy) que impide el cast directo.\000a-- Solucion: DROP DEFAULT → ALTER TYPE con USING → SET DEFAULT FALSE.\000a-- Idempotente: solo actua si la columna sigue siendo INTEGER.\000a\000a[*]DO $$\000aDECLARE\000a    col_type TEXT;\000aBEGIN\000a    SELECT data_type INTO col_type\000a    FROM information_schema.columns\000a    WHERE table_name = 'paciente' AND column_name = 'protesis';\000a\000a    IF col_type = 'integer' THEN\000a        ALTER TABLE paciente ALTER COLUMN protesis DROP DEFAULT;\000a        ALTER TABLE paciente ALTER COLUMN protesis TYPE BOOLEAN\000a            USING (protesis <> 0);\000a        ALTER TABLE paciente ALTER COLUMN protesis SET DEFAULT FALSE;\000a    END IF;\000aEND $$"; expected "DELETE, DROP"; SQL statement:
-- V11: Convertir columna protesis de INTEGER a BOOLEAN en tabla paciente.
--
-- Problema: el schema legacy del desktop creo protesis como INTEGER (0/1).
-- La entidad JPA Paciente.java lo mapea como boolean.
-- Hibernate falla en UPDATE con "column protesis is of type integer but
-- expression is of type boolean".
--
-- La columna puede tener DEFAULT 0 (legacy) que impide el cast directo.
-- Solucion: DROP DEFAULT → ALTER TYPE con USING → SET DEFAULT FALSE.
-- Idempotente: solo actua si la columna sigue siendo INTEGER.

DO $$
DECLARE
    col_type TEXT;
BEGIN
    SELECT data_type INTO col_type
    FROM information_schema.columns
    WHERE table_name = 'paciente' AND column_name = 'protesis';

    IF col_type = 'integer' THEN
        ALTER TABLE paciente ALTER COLUMN protesis DROP DEFAULT;
        ALTER TABLE paciente ALTER COLUMN protesis TYPE BOOLEAN
            USING (protesis <> 0);
        ALTER TABLE paciente ALTER COLUMN protesis SET DEFAULT FALSE;
    END IF;
END $$ [42001-240]
Location   : db/migration/V11__fix_protesis_boolean.sql (/home/alaslibres/DAM/RehabiAPP/api/target/classes/db/migration/V11__fix_protesis_boolean.sql)
Line       : 12
Statement  : Run Flyway with -X option to see the actual statement causing the problem

	at org.flywaydb.core.internal.sqlscript.DefaultSqlScriptExecutor.handleException(DefaultSqlScriptExecutor.java:255)
	at org.flywaydb.core.internal.sqlscript.DefaultSqlScriptExecutor.executeStatement(DefaultSqlScriptExecutor.java:216)
	at org.flywaydb.core.internal.sqlscript.DefaultSqlScriptExecutor.execute(DefaultSqlScriptExecutor.java:136)
	at org.flywaydb.core.internal.resolver.sql.SqlMigrationExecutor.executeOnce(SqlMigrationExecutor.java:75)
	at org.flywaydb.core.internal.resolver.sql.SqlMigrationExecutor.lambda$execute$0(SqlMigrationExecutor.java:66)
	at org.flywaydb.core.internal.database.DefaultExecutionStrategy.execute(DefaultExecutionStrategy.java:31)
	at org.flywaydb.core.internal.resolver.sql.SqlMigrationExecutor.execute(SqlMigrationExecutor.java:65)
	at org.flywaydb.core.internal.command.DbMigrate.doMigrateGroup(DbMigrate.java:391)
	... 129 common frames omitted
Caused by: org.h2.jdbc.JdbcSQLSyntaxErrorException: Error de Sintaxis en sentencia SQL "-- V11: Convertir columna protesis de INTEGER a BOOLEAN en tabla paciente.\000a--\000a-- Problema: el schema legacy del desktop creo protesis como INTEGER (0/1).\000a-- La entidad JPA Paciente.java lo mapea como boolean.\000a-- Hibernate falla en UPDATE con ""column protesis is of type integer but\000a-- expression is of type boolean"".\000a--\000a-- La columna puede tener DEFAULT 0 (legacy) que impide el cast directo.\000a-- Solucion: DROP DEFAULT → ALTER TYPE con USING → SET DEFAULT FALSE.\000a-- Idempotente: solo actua si la columna sigue siendo INTEGER.\000a\000a[*]DO $$\000aDECLARE\000a    col_type TEXT;\000aBEGIN\000a    SELECT data_type INTO col_type\000a    FROM information_schema.columns\000a    WHERE table_name = 'paciente' AND column_name = 'protesis';\000a\000a    IF col_type = 'integer' THEN\000a        ALTER TABLE paciente ALTER COLUMN protesis DROP DEFAULT;\000a        ALTER TABLE paciente ALTER COLUMN protesis TYPE BOOLEAN\000a            USING (protesis <> 0);\000a        ALTER TABLE paciente ALTER COLUMN protesis SET DEFAULT FALSE;\000a    END IF;\000aEND $$"; se esperaba "DELETE, DROP"
Syntax error in SQL statement "-- V11: Convertir columna protesis de INTEGER a BOOLEAN en tabla paciente.\000a--\000a-- Problema: el schema legacy del desktop creo protesis como INTEGER (0/1).\000a-- La entidad JPA Paciente.java lo mapea como boolean.\000a-- Hibernate falla en UPDATE con ""column protesis is of type integer but\000a-- expression is of type boolean"".\000a--\000a-- La columna puede tener DEFAULT 0 (legacy) que impide el cast directo.\000a-- Solucion: DROP DEFAULT → ALTER TYPE con USING → SET DEFAULT FALSE.\000a-- Idempotente: solo actua si la columna sigue siendo INTEGER.\000a\000a[*]DO $$\000aDECLARE\000a    col_type TEXT;\000aBEGIN\000a    SELECT data_type INTO col_type\000a    FROM information_schema.columns\000a    WHERE table_name = 'paciente' AND column_name = 'protesis';\000a\000a    IF col_type = 'integer' THEN\000a        ALTER TABLE paciente ALTER COLUMN protesis DROP DEFAULT;\000a        ALTER TABLE paciente ALTER COLUMN protesis TYPE BOOLEAN\000a            USING (protesis <> 0);\000a        ALTER TABLE paciente ALTER COLUMN protesis SET DEFAULT FALSE;\000a    END IF;\000aEND $$"; expected "DELETE, DROP"; SQL statement:
-- V11: Convertir columna protesis de INTEGER a BOOLEAN en tabla paciente.
--
-- Problema: el schema legacy del desktop creo protesis como INTEGER (0/1).
-- La entidad JPA Paciente.java lo mapea como boolean.
-- Hibernate falla en UPDATE con "column protesis is of type integer but
-- expression is of type boolean".
--
-- La columna puede tener DEFAULT 0 (legacy) que impide el cast directo.
-- Solucion: DROP DEFAULT → ALTER TYPE con USING → SET DEFAULT FALSE.
-- Idempotente: solo actua si la columna sigue siendo INTEGER.

DO $$
DECLARE
    col_type TEXT;
BEGIN
    SELECT data_type INTO col_type
    FROM information_schema.columns
    WHERE table_name = 'paciente' AND column_name = 'protesis';

    IF col_type = 'integer' THEN
        ALTER TABLE paciente ALTER COLUMN protesis DROP DEFAULT;
        ALTER TABLE paciente ALTER COLUMN protesis TYPE BOOLEAN
            USING (protesis <> 0);
        ALTER TABLE paciente ALTER COLUMN protesis SET DEFAULT FALSE;
    END IF;
END $$ [42001-240]
	at org.h2.message.DbException.getJdbcSQLException(DbException.java:514)
	at org.h2.message.DbException.getJdbcSQLException(DbException.java:489)
	at org.h2.message.DbException.getSyntaxError(DbException.java:261)
	at org.h2.command.ParserBase.getSyntaxError(ParserBase.java:762)
	at org.h2.command.Parser.parsePrepared(Parser.java:755)
	at org.h2.command.Parser.parse(Parser.java:584)
	at org.h2.command.Parser.parse(Parser.java:564)
	at org.h2.command.Parser.prepareCommand(Parser.java:487)
	at org.h2.engine.SessionLocal.prepareLocal(SessionLocal.java:647)
	at org.h2.engine.SessionLocal.prepareCommand(SessionLocal.java:563)
	at org.h2.jdbc.JdbcConnection.prepareCommand(JdbcConnection.java:1160)
	at org.h2.jdbc.JdbcStatement.executeInternal(JdbcStatement.java:245)
	at org.h2.jdbc.JdbcStatement.execute(JdbcStatement.java:231)
	at com.zaxxer.hikari.pool.ProxyStatement.execute(ProxyStatement.java:95)
	at com.zaxxer.hikari.pool.HikariProxyStatement.execute(HikariProxyStatement.java)
	at org.flywaydb.core.internal.jdbc.JdbcTemplate.executeStatement(JdbcTemplate.java:215)
	at org.flywaydb.core.internal.sqlscript.ParsedSqlStatement.execute(ParsedSqlStatement.java:88)
	at org.flywaydb.core.internal.sqlscript.DefaultSqlScriptExecutor.executeStatement(DefaultSqlScriptExecutor.java:211)
	... 135 common frames omitted
19:21:04 WARN  [main] o.s.t.c.TestContextManager - Caught exception while allowing TestExecutionListener [org.springframework.test.context.web.ServletTestExecutionListener] to prepare test instance [com.rehabiapp.api.ApiApplicationTests@10047379]
java.lang.IllegalStateException: Failed to load ApplicationContext for [WebMergedContextConfiguration@390eca81 testClass = com.rehabiapp.api.ApiApplicationTests, locations = [], classes = [com.rehabiapp.api.ApiApplication], contextInitializerClasses = [], activeProfiles = ["test"], propertySourceDescriptors = [], propertySourceProperties = ["org.springframework.boot.test.context.SpringBootTestContextBootstrapper=true"], contextCustomizers = [org.springframework.boot.web.server.context.SpringBootTestRandomPortContextCustomizer@7bc10d84, org.springframework.boot.test.context.PropertyMappingContextCustomizer@0, org.springframework.boot.test.context.filter.ExcludeFilterContextCustomizer@62fad19, org.springframework.boot.test.json.DuplicateJsonObjectContextCustomizerFactory$DuplicateJsonObjectContextCustomizer@350ec41e, org.springframework.boot.test.autoconfigure.OnFailureConditionReportContextCustomizerFactory$OnFailureConditionReportContextCustomizer@165b2f7f, org.springframework.test.context.support.DynamicPropertiesContextCustomizer@0, org.springframework.boot.test.context.SpringBootTestAnnotation@1102bc4e], resourceBasePath = "src/main/webapp", contextLoader = org.springframework.boot.test.context.SpringBootContextLoader, parent = null]
	at org.springframework.test.context.cache.DefaultCacheAwareContextLoaderDelegate.lambda$loadContext$0(DefaultCacheAwareContextLoaderDelegate.java:195)
	at org.springframework.test.context.cache.DefaultContextCache.put(DefaultContextCache.java:214)
	at org.springframework.test.context.cache.DefaultCacheAwareContextLoaderDelegate.loadContext(DefaultCacheAwareContextLoaderDelegate.java:160)
	at org.springframework.test.context.support.DefaultTestContext.getApplicationContext(DefaultTestContext.java:128)
	at org.springframework.test.context.web.ServletTestExecutionListener.setUpRequestContextIfNecessary(ServletTestExecutionListener.java:200)
	at org.springframework.test.context.web.ServletTestExecutionListener.prepareTestInstance(ServletTestExecutionListener.java:139)
	at org.springframework.test.context.TestContextManager.prepareTestInstance(TestContextManager.java:260)
	at org.springframework.test.context.junit.jupiter.SpringExtension.postProcessTestInstance(SpringExtension.java:210)
	at org.junit.jupiter.engine.descriptor.ClassBasedTestDescriptor.lambda$invokeTestInstancePostProcessors$1(ClassBasedTestDescriptor.java:423)
	at org.junit.jupiter.engine.descriptor.ClassBasedTestDescriptor.executeAndMaskThrowable(ClassBasedTestDescriptor.java:428)
	at org.junit.jupiter.engine.descriptor.ClassBasedTestDescriptor.lambda$invokeTestInstancePostProcessors$0(ClassBasedTestDescriptor.java:422)
	at java.base/java.util.stream.ForEachOps$ForEachOp$OfRef.accept(ForEachOps.java:186)
	at java.base/java.util.stream.ReferencePipeline$3$1.accept(ReferencePipeline.java:215)
	at java.base/java.util.stream.ReferencePipeline$2$1.accept(ReferencePipeline.java:197)
	at java.base/java.util.stream.ReferencePipeline$3$1.accept(ReferencePipeline.java:215)
	at java.base/java.util.ArrayList$ArrayListSpliterator.forEachRemaining(ArrayList.java:1716)
	at java.base/java.util.stream.AbstractPipeline.copyInto(AbstractPipeline.java:570)
	at java.base/java.util.stream.AbstractPipeline.wrapAndCopyInto(AbstractPipeline.java:560)
	at java.base/java.util.stream.ForEachOps$ForEachOp.evaluateSequential(ForEachOps.java:153)
	at java.base/java.util.stream.ForEachOps$ForEachOp$OfRef.evaluateSequential(ForEachOps.java:176)
	at java.base/java.util.stream.AbstractPipeline.evaluate(AbstractPipeline.java:265)
	at java.base/java.util.stream.ReferencePipeline.forEach(ReferencePipeline.java:636)
	at org.junit.jupiter.engine.descriptor.ClassBasedTestDescriptor.invokeTestInstancePostProcessors(ClassBasedTestDescriptor.java:422)
	at org.junit.jupiter.engine.descriptor.ClassBasedTestDescriptor.lambda$instantiateAndPostProcessTestInstance$0(ClassBasedTestDescriptor.java:334)
	at org.junit.platform.engine.support.hierarchical.ThrowableCollector.execute(ThrowableCollector.java:74)
	at org.junit.jupiter.engine.descriptor.ClassBasedTestDescriptor.instantiateAndPostProcessTestInstance(ClassBasedTestDescriptor.java:333)
	at org.junit.jupiter.engine.descriptor.ClassBasedTestDescriptor.lambda$testInstancesProvider$1(ClassBasedTestDescriptor.java:322)
	at java.base/java.util.Optional.orElseGet(Optional.java:364)
	at org.junit.jupiter.engine.descriptor.ClassBasedTestDescriptor.lambda$testInstancesProvider$0(ClassBasedTestDescriptor.java:321)
	at org.junit.jupiter.engine.execution.TestInstancesProvider.getTestInstances(TestInstancesProvider.java:27)
	at org.junit.jupiter.engine.descriptor.TestMethodTestDescriptor.lambda$prepare$0(TestMethodTestDescriptor.java:127)
	at org.junit.platform.engine.support.hierarchical.ThrowableCollector.execute(ThrowableCollector.java:74)
	at org.junit.jupiter.engine.descriptor.TestMethodTestDescriptor.prepare(TestMethodTestDescriptor.java:126)
	at org.junit.jupiter.engine.descriptor.TestMethodTestDescriptor.prepare(TestMethodTestDescriptor.java:70)
	at org.junit.platform.engine.support.hierarchical.NodeTestTask.lambda$prepare$0(NodeTestTask.java:144)
	at org.junit.platform.engine.support.hierarchical.ThrowableCollector.execute(ThrowableCollector.java:74)
	at org.junit.platform.engine.support.hierarchical.NodeTestTask.prepare(NodeTestTask.java:144)
	at org.junit.platform.engine.support.hierarchical.NodeTestTask.execute(NodeTestTask.java:110)
	at java.base/java.util.ArrayList.forEach(ArrayList.java:1604)
	at org.junit.platform.engine.support.hierarchical.SameThreadHierarchicalTestExecutorService.invokeAll(SameThreadHierarchicalTestExecutorService.java:42)
	at org.junit.platform.engine.support.hierarchical.NodeTestTask.lambda$executeRecursively$2(NodeTestTask.java:180)
	at org.junit.platform.engine.support.hierarchical.ThrowableCollector.execute(ThrowableCollector.java:74)
	at org.junit.platform.engine.support.hierarchical.NodeTestTask.lambda$executeRecursively$1(NodeTestTask.java:166)
	at org.junit.platform.engine.support.hierarchical.Node.around(Node.java:138)
	at org.junit.platform.engine.support.hierarchical.NodeTestTask.lambda$executeRecursively$0(NodeTestTask.java:164)
	at org.junit.platform.engine.support.hierarchical.ThrowableCollector.execute(ThrowableCollector.java:74)
	at org.junit.platform.engine.support.hierarchical.NodeTestTask.executeRecursively(NodeTestTask.java:163)
	at org.junit.platform.engine.support.hierarchical.NodeTestTask.execute(NodeTestTask.java:116)
	at java.base/java.util.ArrayList.forEach(ArrayList.java:1604)
	at org.junit.platform.engine.support.hierarchical.SameThreadHierarchicalTestExecutorService.invokeAll(SameThreadHierarchicalTestExecutorService.java:42)
	at org.junit.platform.engine.support.hierarchical.NodeTestTask.lambda$executeRecursively$2(NodeTestTask.java:180)
	at org.junit.platform.engine.support.hierarchical.ThrowableCollector.execute(ThrowableCollector.java:74)
	at org.junit.platform.engine.support.hierarchical.NodeTestTask.lambda$executeRecursively$1(NodeTestTask.java:166)
	at org.junit.platform.engine.support.hierarchical.Node.around(Node.java:138)
	at org.junit.platform.engine.support.hierarchical.NodeTestTask.lambda$executeRecursively$0(NodeTestTask.java:164)
	at org.junit.platform.engine.support.hierarchical.ThrowableCollector.execute(ThrowableCollector.java:74)
	at org.junit.platform.engine.support.hierarchical.NodeTestTask.executeRecursively(NodeTestTask.java:163)
	at org.junit.platform.engine.support.hierarchical.NodeTestTask.execute(NodeTestTask.java:116)
	at org.junit.platform.engine.support.hierarchical.SameThreadHierarchicalTestExecutorService.submit(SameThreadHierarchicalTestExecutorService.java:36)
	at org.junit.platform.engine.support.hierarchical.HierarchicalTestExecutor.execute(HierarchicalTestExecutor.java:52)
	at org.junit.platform.engine.support.hierarchical.HierarchicalTestEngine.execute(HierarchicalTestEngine.java:58)
	at org.junit.platform.launcher.core.EngineExecutionOrchestrator.executeEngine(EngineExecutionOrchestrator.java:246)
	at org.junit.platform.launcher.core.EngineExecutionOrchestrator.failOrExecuteEngine(EngineExecutionOrchestrator.java:218)
	at org.junit.platform.launcher.core.EngineExecutionOrchestrator.execute(EngineExecutionOrchestrator.java:179)
	at org.junit.platform.launcher.core.EngineExecutionOrchestrator.execute(EngineExecutionOrchestrator.java:108)
	at org.junit.platform.launcher.core.EngineExecutionOrchestrator.lambda$execute$0(EngineExecutionOrchestrator.java:66)
	at org.junit.platform.launcher.core.EngineExecutionOrchestrator.withInterceptedStreams(EngineExecutionOrchestrator.java:157)
	at org.junit.platform.launcher.core.EngineExecutionOrchestrator.execute(EngineExecutionOrchestrator.java:65)
	at org.junit.platform.launcher.core.DefaultLauncher.execute(DefaultLauncher.java:125)
	at org.junit.platform.launcher.core.DefaultLauncher.execute(DefaultLauncher.java:114)
	at org.junit.platform.launcher.core.DelegatingLauncher.execute(DelegatingLauncher.java:58)
	at org.junit.platform.launcher.core.InterceptingLauncher.lambda$execute$2(InterceptingLauncher.java:57)
	at org.junit.platform.launcher.core.ClasspathAlignmentCheckingLauncherInterceptor.intercept(ClasspathAlignmentCheckingLauncherInterceptor.java:25)
	at org.junit.platform.launcher.core.InterceptingLauncher.execute(InterceptingLauncher.java:56)
	at org.junit.platform.launcher.core.DelegatingLauncher.execute(DelegatingLauncher.java:58)
	at java.base/jdk.internal.reflect.DirectMethodHandleAccessor.invoke(DirectMethodHandleAccessor.java:104)
	at java.base/java.lang.reflect.Method.invoke(Method.java:565)
	at org.apache.maven.surefire.api.util.ReflectionUtils.invokeMethodWithArray(ReflectionUtils.java:125)
	at org.apache.maven.surefire.junitplatform.LauncherAdapter.executeWithCancellationToken(LauncherAdapter.java:68)
	at org.apache.maven.surefire.junitplatform.LauncherAdapter.execute(LauncherAdapter.java:54)
	at org.apache.maven.surefire.junitplatform.JUnitPlatformProvider.execute(JUnitPlatformProvider.java:203)
	at org.apache.maven.surefire.junitplatform.JUnitPlatformProvider.invokeAllTests(JUnitPlatformProvider.java:168)
	at org.apache.maven.surefire.junitplatform.JUnitPlatformProvider.invoke(JUnitPlatformProvider.java:136)
	at org.apache.maven.surefire.booter.ForkedBooter.runSuitesInProcess(ForkedBooter.java:385)
	at org.apache.maven.surefire.booter.ForkedBooter.execute(ForkedBooter.java:162)
	at org.apache.maven.surefire.booter.ForkedBooter.run(ForkedBooter.java:507)
	at org.apache.maven.surefire.booter.ForkedBooter.main(ForkedBooter.java:495)
Caused by: org.springframework.beans.factory.BeanCreationException: Error creating bean with name 'flyway' defined in class path resource [com/rehabiapp/api/infrastructure/config/FlywayConfig.class]: Failed to execute script V11__fix_protesis_boolean.sql
------------------------------------------------------
SQL State  : 42001
Error Code : 42001
[...]
         - @ConditionalOnClass did not find required class 'io.micrometer.java21.instrument.binder.jdk.VirtualThreadMetrics' (OnClassCondition)

   KairosMetricsExportAutoConfiguration:
      Did not match:
         - @ConditionalOnClass did not find required class 'io.micrometer.kairos.KairosMeterRegistry' (OnClassCondition)

   KotlinSerializationHttpMessageConvertersConfiguration:
      Did not match:
         - @ConditionalOnClass did not find required classes 'kotlinx.serialization.Serializable', 'kotlinx.serialization.json.Json' (OnClassCondition)

   Log4J2MetricsAutoConfiguration:
      Did not match:
         - @ConditionalOnClass did not find required class 'org.apache.logging.log4j.core.LoggerContext' (OnClassCondition)

   LogFileWebEndpointAutoConfiguration:
      Did not match:
         - @ConditionalOnAvailableEndpoint not exposed (OnAvailableEndpointCondition)

   LoggersEndpointAutoConfiguration:
      Did not match:
         - @ConditionalOnAvailableEndpoint not exposed (OnAvailableEndpointCondition)

   ManagementContextAutoConfiguration.DifferentManagementContextConfiguration:
      Did not match:
         - Management Port actual port type (SAME) did not match required type (DIFFERENT) (OnManagementPortCondition)

   ManagementWebSecurityAutoConfiguration:
      Did not match:
         - AllNestedConditions 1 matched 1 did not; NestedCondition on DefaultWebSecurityCondition.Beans @ConditionalOnMissingBean (types: org.springframework.security.web.SecurityFilterChain; SearchStrategy: all) found beans of type 'org.springframework.security.web.SecurityFilterChain' securityFilterChain; NestedCondition on DefaultWebSecurityCondition.Classes @ConditionalOnClass found required classes 'org.springframework.security.web.SecurityFilterChain', 'org.springframework.security.config.annotation.web.builders.HttpSecurity' (DefaultWebSecurityCondition)
      Matched:
         - @ConditionalOnClass found required classes 'org.springframework.security.web.util.matcher.RequestMatcher', 'org.springframework.boot.actuate.autoconfigure.endpoint.web.WebEndpointAutoConfiguration' (OnClassCondition)
         - found 'session' scope (OnWebApplicationCondition)

   MappingsEndpointAutoConfiguration:
      Did not match:
         - @ConditionalOnAvailableEndpoint not exposed (OnAvailableEndpointCondition)

   MessageSourceAutoConfiguration:
      Did not match:
         - ResourceBundle did not find bundle with basename messages (MessageSourceAutoConfiguration.ResourceBundleCondition)

   MetricsAspectsAutoConfiguration:
      Did not match:
         - @ConditionalOnBooleanProperty (management.observations.annotations.enabled=true) did not find property 'management.observations.annotations.enabled' (OnPropertyCondition)
      Matched:
         - @ConditionalOnClass found required classes 'io.micrometer.core.instrument.MeterRegistry', 'org.aspectj.weaver.Advice' (OnClassCondition)

   MetricsEndpointAutoConfiguration:
      Did not match:
         - @ConditionalOnAvailableEndpoint not exposed (OnAvailableEndpointCondition)
      Matched:
         - @ConditionalOnClass found required classes 'org.springframework.boot.actuate.autoconfigure.endpoint.condition.ConditionalOnAvailableEndpoint', 'io.micrometer.core.annotation.Timed' (OnClassCondition)

   NewRelicMetricsExportAutoConfiguration:
      Did not match:
         - @ConditionalOnClass did not find required class 'io.micrometer.newrelic.NewRelicMeterRegistry' (OnClassCondition)

   NoOpMeterRegistryConfiguration:
      Did not match:
         - @ConditionalOnMissingBean (types: io.micrometer.core.instrument.MeterRegistry; SearchStrategy: all) found beans of type 'io.micrometer.core.instrument.MeterRegistry' prometheusMeterRegistry (OnBeanCondition)

   ObservationAutoConfiguration.ObservedAspectConfiguration:
      Did not match:
         - @ConditionalOnBooleanProperty (management.observations.annotations.enabled=true) did not find property 'management.observations.annotations.enabled' (OnPropertyCondition)
      Matched:
         - @ConditionalOnClass found required class 'org.aspectj.weaver.Advice' (OnClassCondition)

   OtlpMetricsExportAutoConfiguration:
      Did not match:
         - @ConditionalOnClass did not find required class 'io.micrometer.registry.otlp.OtlpMeterRegistry' (OnClassCondition)

   ProjectInfoAutoConfiguration#buildProperties:
      Did not match:
         - @ConditionalOnResource did not find resource '${spring.info.build.location:classpath:META-INF/build-info.properties}' (OnResourceCondition)

   ProjectInfoAutoConfiguration#gitProperties:
      Did not match:
         - GitResource did not find git info at classpath:git.properties (ProjectInfoAutoConfiguration.GitResourceAvailableCondition)

   PrometheusMetricsExportAutoConfiguration.PrometheusPushGatewayConfiguration:
      Did not match:
         - @ConditionalOnClass did not find required class 'io.prometheus.metrics.exporter.pushgateway.PushGateway' (OnClassCondition)

   RSocketSecurityAutoConfiguration:
      Did not match:
         - @ConditionalOnClass did not find required class 'org.springframework.boot.rsocket.server.RSocketServerCustomizer' (OnClassCondition)

   ReactiveManagementWebSecurityAutoConfiguration:
      Did not match:
         - @ConditionalOnWebApplication did not find reactive web application classes (OnWebApplicationCondition)

   ReactiveUserDetailsServiceAutoConfiguration:
      Did not match:
         - AnyNestedCondition 0 matched 2 did not; NestedCondition on ReactiveUserDetailsServiceAutoConfiguration.RSocketEnabledOrReactiveWebApplication.ReactiveWebApplicationCondition did not find reactive web application classes; NestedCondition on ReactiveUserDetailsServiceAutoConfiguration.RSocketEnabledOrReactiveWebApplication.RSocketSecurityEnabledCondition @ConditionalOnBean (types: org.springframework.messaging.rsocket.annotation.support.RSocketMessageHandler; SearchStrategy: all) did not find any beans of type org.springframework.messaging.rsocket.annotation.support.RSocketMessageHandler (ReactiveUserDetailsServiceAutoConfiguration.RSocketEnabledOrReactiveWebApplication)
      Matched:
         - @ConditionalOnClass found required class 'org.springframework.security.authentication.ReactiveAuthenticationManager' (OnClassCondition)
         - AnyNestedCondition 1 matched 2 did not; NestedCondition on MissingAlternativeUserDetailsManagerOrUserPropertiesConfigured.PasswordConfigured @ConditionalOnProperty (spring.security.user.password) did not find property 'spring.security.user.password'; NestedCondition on MissingAlternativeUserDetailsManagerOrUserPropertiesConfigured.NameConfigured @ConditionalOnProperty (spring.security.user.name) did not find property 'spring.security.user.name'; NestedCondition on MissingAlternativeUserDetailsManagerOrUserPropertiesConfigured.MissingAlternative @ConditionalOnMissingClass did not find unwanted classes 'org.springframework.security.oauth2.client.registration.ClientRegistrationRepository', 'org.springframework.security.oauth2.server.resource.introspection.OpaqueTokenIntrospector', 'org.springframework.security.saml2.provider.service.registration.RelyingPartyRegistrationRepository' (MissingAlternativeUserDetailsManagerOrUserPropertiesConfigured)

   ReactiveWebSecurityAutoConfiguration:
      Did not match:
         - @ConditionalOnClass did not find required class 'reactor.core.publisher.Flux' (OnClassCondition)

   SbomEndpointAutoConfiguration:
      Did not match:
         - @ConditionalOnAvailableEndpoint not exposed (OnAvailableEndpointCondition)

   ScheduledTasksEndpointAutoConfiguration:
      Did not match:
         - @ConditionalOnAvailableEndpoint not exposed (OnAvailableEndpointCondition)

   SecurityAutoConfiguration.SecurityDataConfiguration:
      Did not match:
         - @ConditionalOnClass did not find required class 'org.springframework.security.data.repository.query.SecurityEvaluationContextExtension' (OnClassCondition)

   SecurityRequestMatchersManagementContextConfiguration.JerseyRequestMatcherConfiguration:
      Did not match:
         - @ConditionalOnClass did not find required class 'org.glassfish.jersey.server.ResourceConfig' (OnClassCondition)

   ServletHttpExchangesAutoConfiguration:
      Did not match:
         - @ConditionalOnBean (types: org.springframework.boot.actuate.web.exchanges.HttpExchangeRepository; SearchStrategy: all) did not find any beans of type org.springframework.boot.actuate.web.exchanges.HttpExchangeRepository (OnBeanCondition)
      Matched:
         - found 'session' scope (OnWebApplicationCondition)
         - @ConditionalOnBooleanProperty (management.httpexchanges.recording.enabled=true) matched (OnPropertyCondition)

   ServletManagementContextAutoConfiguration.ApplicationContextFilterConfiguration:
      Did not match:
         - @ConditionalOnBooleanProperty (management.server.add-application-context-header=true) did not find property 'management.server.add-application-context-header' (OnPropertyCondition)

   ServletMappingsAutoConfiguration:
      Did not match:
         - @ConditionalOnAvailableEndpoint not exposed (OnAvailableEndpointCondition)
      Matched:
         - @ConditionalOnClass found required classes 'org.springframework.boot.actuate.autoconfigure.endpoint.condition.ConditionalOnAvailableEndpoint', 'org.springframework.boot.actuate.web.mappings.MappingsEndpoint' (OnClassCondition)
         - found 'session' scope (OnWebApplicationCondition)

   ServletWebSecurityAutoConfiguration.EnableWebSecurityConfiguration:
      Did not match:
         - @ConditionalOnMissingBean (names: springSecurityFilterChain; SearchStrategy: all) found beans named springSecurityFilterChain (OnBeanCondition)
      Matched:
         - @ConditionalOnClass found required class 'org.springframework.security.config.annotation.web.configuration.EnableWebSecurity' (OnClassCondition)

   ServletWebSecurityAutoConfiguration.SecurityFilterChainConfiguration:
      Did not match:
         - AllNestedConditions 1 matched 1 did not; NestedCondition on DefaultWebSecurityCondition.Beans @ConditionalOnMissingBean (types: org.springframework.security.web.SecurityFilterChain; SearchStrategy: all) found beans of type 'org.springframework.security.web.SecurityFilterChain' securityFilterChain; NestedCondition on DefaultWebSecurityCondition.Classes @ConditionalOnClass found required classes 'org.springframework.security.web.SecurityFilterChain', 'org.springframework.security.config.annotation.web.builders.HttpSecurity' (DefaultWebSecurityCondition)

   ServletWebServerConfiguration#forwardedHeaderFilter:
      Did not match:
         - @ConditionalOnProperty (server.forward-headers-strategy=framework) did not find property 'server.forward-headers-strategy' (OnPropertyCondition)

   ShutdownEndpointAutoConfiguration:
      Did not match:
         - @ConditionalOnAvailableEndpoint the configured access for endpoint 'shutdown' is NONE (OnAvailableEndpointCondition)

   SimpleMetricsExportAutoConfiguration:
      Did not match:
         - @ConditionalOnMissingBean (types: io.micrometer.core.instrument.MeterRegistry; SearchStrategy: all) found beans of type 'io.micrometer.core.instrument.MeterRegistry' prometheusMeterRegistry (OnBeanCondition)
      Matched:
         - @ConditionalOnEnabledMetricsExport management.defaults.metrics.export.enabled is considered true (OnMetricsExportEnabledCondition)

   SpringApplicationAdminJmxAutoConfiguration:
      Did not match:
         - @ConditionalOnBooleanProperty (spring.application.admin.enabled=true) did not find property 'spring.application.admin.enabled' (OnPropertyCondition)

   StackdriverMetricsExportAutoConfiguration:
      Did not match:
         - @ConditionalOnClass did not find required class 'io.micrometer.stackdriver.StackdriverMeterRegistry' (OnClassCondition)

   StartupEndpointAutoConfiguration:
      Did not match:
         - ApplicationStartup configured applicationStartup is of type class org.springframework.core.metrics.DefaultApplicationStartup, expected BufferingApplicationStartup. (StartupEndpointAutoConfiguration.ApplicationStartupCondition)

   StatsdMetricsExportAutoConfiguration:
      Did not match:
         - @ConditionalOnClass did not find required class 'io.micrometer.statsd.StatsdMeterRegistry' (OnClassCondition)

   TaskExecutorConfigurations.AsyncConfigurerWrapperConfiguration:
      Did not match:
         - @ConditionalOnBean (types: org.springframework.scheduling.annotation.AsyncConfigurer; SearchStrategy: all) did not find any beans of type org.springframework.scheduling.annotation.AsyncConfigurer (OnBeanCondition)

   TaskExecutorConfigurations.SimpleAsyncTaskExecutorBuilderConfiguration#simpleAsyncTaskExecutorBuilderVirtualThreads:
      Did not match:
         - @ConditionalOnMissingBean (types: org.springframework.boot.task.SimpleAsyncTaskExecutorBuilder; SearchStrategy: all) found beans of type 'org.springframework.boot.task.SimpleAsyncTaskExecutorBuilder' simpleAsyncTaskExecutorBuilder (OnBeanCondition)

   TaskExecutorConfigurations.TaskExecutorConfiguration#applicationTaskExecutorVirtualThreads:
      Did not match:
         - @ConditionalOnThreading did not find VIRTUAL (OnThreadingCondition)

   TaskSchedulingAutoConfiguration#scheduledBeanLazyInitializationExcludeFilter:
      Did not match:
         - @ConditionalOnBean (names: org.springframework.scheduling.config.internalScheduledAnnotationProcessor; SearchStrategy: all) did not find any beans named org.springframework.scheduling.config.internalScheduledAnnotationProcessor (OnBeanCondition)

   TaskSchedulingConfigurations.SimpleAsyncTaskSchedulerBuilderConfiguration#simpleAsyncTaskSchedulerBuilderVirtualThreads:
      Did not match:
         - @ConditionalOnMissingBean (types: org.springframework.boot.task.SimpleAsyncTaskSchedulerBuilder; SearchStrategy: all) found beans of type 'org.springframework.boot.task.SimpleAsyncTaskSchedulerBuilder' simpleAsyncTaskSchedulerBuilder (OnBeanCondition)

   TaskSchedulingConfigurations.TaskSchedulerConfiguration:
      Did not match:
         - @ConditionalOnBean (names: org.springframework.scheduling.config.internalScheduledAnnotationProcessor; SearchStrategy: all) did not find any beans named org.springframework.scheduling.config.internalScheduledAnnotationProcessor (OnBeanCondition)

   ThreadDumpEndpointAutoConfiguration:
      Did not match:
         - @ConditionalOnAvailableEndpoint not exposed (OnAvailableEndpointCondition)

   TomcatReactiveManagementContextAutoConfiguration:
      Did not match:
         - @ConditionalOnWebApplication did not find reactive web application classes (OnWebApplicationCondition)

   TomcatReactiveWebServerAutoConfiguration:
      Did not match:
         - @ConditionalOnWebApplication did not find reactive web application classes (OnWebApplicationCondition)

   TomcatServletManagementContextAutoConfiguration:
      Did not match:
         - Management Port actual port type (SAME) did not match required type (DIFFERENT) (OnManagementPortCondition)
      Matched:
         - @ConditionalOnClass found required class 'org.springframework.boot.actuate.autoconfigure.web.server.ManagementContextFactory' (OnClassCondition)
         - found 'session' scope (OnWebApplicationCondition)

   TomcatServletWebServerAutoConfiguration#tomcatForwardedHeaderFilterCustomizer:
      Did not match:
         - @ConditionalOnProperty (server.forward-headers-strategy=framework) did not find property 'server.forward-headers-strategy' (OnPropertyCondition)

   TomcatWebServerConfiguration:
      Did not match:
         - Application is deployed as a WAR file. (OnWarDeploymentCondition)

   TransactionAutoConfiguration#transactionalOperator:
      Did not match:
         - @ConditionalOnSingleCandidate (types: org.springframework.transaction.ReactiveTransactionManager; SearchStrategy: all) did not find any beans (OnBeanCondition)

   TransactionAutoConfiguration.AspectJTransactionManagementConfiguration:
      Did not match:
         - @ConditionalOnBean (types: org.springframework.transaction.aspectj.AbstractTransactionAspect; SearchStrategy: all) did not find any beans of type org.springframework.transaction.aspectj.AbstractTransactionAspect (OnBeanCondition)

   TransactionAutoConfiguration.EnableTransactionManagementConfiguration.JdkDynamicAutoProxyConfiguration:
      Did not match:
         - @ConditionalOnBooleanProperty (spring.aop.proxy-target-class=false) did not find property 'spring.aop.proxy-target-class' (OnPropertyCondition)

   WebMvcAutoConfiguration#hiddenHttpMethodFilter:
      Did not match:
         - @ConditionalOnBooleanProperty (spring.mvc.hiddenmethod.filter.enabled=true) did not find property 'spring.mvc.hiddenmethod.filter.enabled' (OnPropertyCondition)

   WebMvcAutoConfiguration.ProblemDetailsErrorHandlingConfiguration:
      Did not match:
         - @ConditionalOnBooleanProperty (spring.mvc.problemdetails.enabled=true) did not find property 'spring.mvc.problemdetails.enabled' (OnPropertyCondition)

   WebMvcAutoConfiguration.ResourceChainCustomizerConfiguration:
      Did not match:
         - @ConditionalOnEnabledResourceChain did not find class org.webjars.WebJarVersionLocator (OnEnabledResourceChainCondition)

   WebMvcAutoConfiguration.WebMvcAutoConfigurationAdapter#beanNameViewResolver:
      Did not match:
         - @ConditionalOnMissingBean (types: org.springframework.web.servlet.view.BeanNameViewResolver; SearchStrategy: all) found beans of type 'org.springframework.web.servlet.view.BeanNameViewResolver' beanNameViewResolver (OnBeanCondition)

   WebMvcEndpointManagementContextConfiguration.HealthConfiguration#managementHealthEndpointWebMvcHandlerMapping:
      Did not match:
         - Management Port actual port type (SAME) did not match required type (DIFFERENT) (OnManagementPortCondition)

   WebMvcMappingsAutoConfiguration:
      Did not match:
         - @ConditionalOnAvailableEndpoint not exposed (OnAvailableEndpointCondition)
      Matched:
         - @ConditionalOnClass found required classes 'org.springframework.boot.actuate.autoconfigure.endpoint.condition.ConditionalOnAvailableEndpoint', 'org.springframework.web.servlet.DispatcherServlet', 'org.springframework.boot.actuate.web.mappings.MappingsEndpoint' (OnClassCondition)
         - found 'session' scope (OnWebApplicationCondition)

   XADataSourceAutoConfiguration:
      Did not match:
         - @ConditionalOnBean (types: org.springframework.boot.jdbc.XADataSourceWrapper; SearchStrategy: all) did not find any beans of type org.springframework.boot.jdbc.XADataSourceWrapper (OnBeanCondition)
      Matched:
         - @ConditionalOnClass found required classes 'javax.sql.DataSource', 'jakarta.transaction.TransactionManager', 'org.springframework.jdbc.datasource.embedded.EmbeddedDatabaseType' (OnClassCondition)


Exclusions:
-----------

    None


Unconditional classes:
----------------------

    org.springframework.boot.health.autoconfigure.registry.HealthContributorRegistryAutoConfiguration

    org.springframework.boot.autoconfigure.context.ConfigurationPropertiesAutoConfiguration

    org.springframework.boot.autoconfigure.ssl.SslAutoConfiguration

    org.springframework.boot.actuate.autoconfigure.info.InfoContributorAutoConfiguration

    org.springframework.boot.autoconfigure.context.PropertyPlaceholderAutoConfiguration

    org.springframework.boot.autoconfigure.context.LifecycleAutoConfiguration

    org.springframework.boot.actuate.autoconfigure.endpoint.EndpointAutoConfiguration

    org.springframework.boot.autoconfigure.availability.ApplicationAvailabilityAutoConfiguration

    org.springframework.boot.health.autoconfigure.contributor.HealthContributorAutoConfiguration

    org.springframework.boot.autoconfigure.info.ProjectInfoAutoConfiguration

    org.springframework.boot.actuate.autoconfigure.web.server.ManagementContextAutoConfiguration



]]></system-err>
  </testcase>
</testsuite>